[2022-08-04 10:02:03.052] [exthost] [info] Extension host with pid 25359 started
[2022-08-04 10:02:03.067] [exthost] [info] Lock '/home/HarryHetheringtons/.vscode-server/data/User/workspaceStorage/edda16ee9bdee894fb1dcbdaee49a987/vscode.lock': Lock acquired.
[2022-08-04 10:02:03.317] [exthost] [info] ExtensionService#_doActivateExtension vscode.debug-auto-launch, startup: true, activationEvent: '*'
[2022-08-04 10:02:03.325] [exthost] [info] ExtensionService#_doActivateExtension vscode.git-base, startup: true, activationEvent: '*', root cause: vscode.git
[2022-08-04 10:02:03.332] [exthost] [info] ExtensionService#_doActivateExtension vscode.ipynb, startup: true, activationEvent: '*'
[2022-08-04 10:02:04.405] [exthost] [info] ExtensionService#_doActivateExtension vscode.git, startup: true, activationEvent: '*'
[2022-08-04 10:02:04.641] [exthost] [info] ExtensionService#_doActivateExtension vscode.github, startup: true, activationEvent: '*'
[2022-08-04 10:02:04.863] [exthost] [info] ExtensionService#_doActivateExtension vscode.emmet, startup: false, activationEvent: 'onStartupFinished'
[2022-08-04 10:02:04.919] [exthost] [info] ExtensionService#_doActivateExtension vscode.merge-conflict, startup: false, activationEvent: 'onStartupFinished'
[2022-08-04 10:02:04.929] [exthost] [info] Eager extensions activated
[2022-08-04 10:47:00.788] [exthost] [info] ExtensionService#_doActivateExtension vscode.html-language-features, startup: false, activationEvent: 'onLanguage:html'
[2022-08-04 15:09:22.837] [exthost] [warning] [Decorations] CAPPING events from decorations provider vscode.git 5775
[2022-08-04 15:09:25.076] [exthost] [warning] [Decorations] CAPPING events from decorations provider vscode.git 5775
[2022-08-04 15:09:28.420] [exthost] [warning] [Decorations] CAPPING events from decorations provider vscode.git 5775
[2022-08-04 15:09:33.612] [exthost] [warning] [Decorations] CAPPING events from decorations provider vscode.git 5775
[2022-08-04 15:09:38.822] [exthost] [warning] [Decorations] CAPPING events from decorations provider vscode.git 5775
[2022-08-04 15:09:44.045] [exthost] [warning] [Decorations] CAPPING events from decorations provider vscode.git 5775
[2022-08-04 15:09:49.265] [exthost] [warning] [Decorations] CAPPING events from decorations provider vscode.git 5775
[2022-08-04 15:09:54.479] [exthost] [warning] [Decorations] CAPPING events from decorations provider vscode.git 5775
[2022-08-04 15:09:59.669] [exthost] [warning] [Decorations] CAPPING events from decorations provider vscode.git 5775
[2022-08-04 15:10:04.960] [exthost] [warning] [Decorations] CAPPING events from decorations provider vscode.git 5775
[2022-08-04 15:10:10.166] [exthost] [warning] [Decorations] CAPPING events from decorations provider vscode.git 5775
[2022-08-04 15:10:15.392] [exthost] [warning] [Decorations] CAPPING events from decorations provider vscode.git 5775
[2022-08-04 15:10:38.813] [exthost] [warning] [Decorations] CAPPING events from decorations provider vscode.git 5775
[2022-08-04 15:11:19.355] [exthost] [warning] [Decorations] CAPPING events from decorations provider vscode.git 5775
[2022-08-04 15:12:00.152] [exthost] [warning] [Decorations] CAPPING events from decorations provider vscode.git 5775
[2022-08-04 15:12:21.615] [exthost] [warning] [Decorations] CAPPING events from decorations provider vscode.git 5775
[2022-08-04 15:12:53.518] [exthost] [warning] [Decorations] CAPPING events from decorations provider vscode.git 5775
[2022-08-04 15:13:11.360] [exthost] [warning] [Decorations] CAPPING events from decorations provider vscode.git 5775
[2022-08-04 15:14:06.179] [exthost] [warning] [Decorations] CAPPING events from decorations provider vscode.git 5775
[2022-08-04 15:14:34.120] [exthost] [warning] [Decorations] CAPPING events from decorations provider vscode.git 5775
[2022-08-04 15:15:04.547] [exthost] [warning] [Decorations] CAPPING events from decorations provider vscode.git 5775
[2022-08-04 15:15:32.151] [exthost] [warning] [Decorations] CAPPING events from decorations provider vscode.git 5775
[2022-08-04 15:16:04.437] [exthost] [warning] [Decorations] CAPPING events from decorations provider vscode.git 5775
[2022-08-04 15:16:24.540] [exthost] [warning] [Decorations] CAPPING events from decorations provider vscode.git 5775
[2022-08-04 15:16:54.089] [exthost] [warning] [Decorations] CAPPING events from decorations provider vscode.git 5775
[2022-08-04 15:17:14.626] [exthost] [warning] [Decorations] CAPPING events from decorations provider vscode.git 5775
[2022-08-04 15:17:46.030] [exthost] [warning] [Decorations] CAPPING events from decorations provider vscode.git 5775
[2022-08-04 15:18:08.012] [exthost] [warning] [Decorations] CAPPING events from decorations provider vscode.git 5775
[2022-08-04 15:18:40.859] [exthost] [warning] [Decorations] CAPPING events from decorations provider vscode.git 5775
[2022-08-04 15:18:56.451] [exthost] [warning] [Decorations] CAPPING events from decorations provider vscode.git 5775
[2022-08-04 15:19:30.253] [exthost] [warning] [Decorations] CAPPING events from decorations provider vscode.git 5775
[2022-08-04 15:19:49.734] [exthost] [warning] [Decorations] CAPPING events from decorations provider vscode.git 5775
[2022-08-04 15:20:22.721] [exthost] [warning] [Decorations] CAPPING events from decorations provider vscode.git 5775
[2022-08-04 15:20:43.500] [exthost] [warning] [Decorations] CAPPING events from decorations provider vscode.git 5775
[2022-08-04 15:21:43.720] [exthost] [warning] [Decorations] CAPPING events from decorations provider vscode.git 5775
[2022-08-04 15:21:58.528] [exthost] [warning] [Decorations] CAPPING events from decorations provider vscode.git 5775
[2022-08-04 15:22:35.847] [exthost] [warning] [Decorations] CAPPING events from decorations provider vscode.git 5775
[2022-08-04 15:22:51.809] [exthost] [warning] [Decorations] CAPPING events from decorations provider vscode.git 5775
[2022-08-04 15:25:18.046] [exthost] [warning] [Decorations] CAPPING events from decorations provider vscode.git 5775
[2022-08-04 15:25:34.793] [exthost] [warning] [Decorations] CAPPING events from decorations provider vscode.git 5775
[2022-08-04 15:26:08.840] [exthost] [warning] [Decorations] CAPPING events from decorations provider vscode.git 5775
[2022-08-04 15:26:24.621] [exthost] [warning] [Decorations] CAPPING events from decorations provider vscode.git 5775
[2022-08-04 15:26:59.997] [exthost] [warning] [Decorations] CAPPING events from decorations provider vscode.git 5775
[2022-08-04 15:28:22.474] [exthost] [warning] [Decorations] CAPPING events from decorations provider vscode.git 5775
[2022-08-04 15:28:27.669] [exthost] [warning] [Decorations] CAPPING events from decorations provider vscode.git 5775
[2022-08-04 15:28:32.877] [exthost] [warning] [Decorations] CAPPING events from decorations provider vscode.git 5775
[2022-08-04 15:28:38.099] [exthost] [warning] [Decorations] CAPPING events from decorations provider vscode.git 5775
[2022-08-04 15:28:43.298] [exthost] [warning] [Decorations] CAPPING events from decorations provider vscode.git 5775
[2022-08-04 15:28:48.490] [exthost] [warning] [Decorations] CAPPING events from decorations provider vscode.git 5775
[2022-08-04 15:28:53.724] [exthost] [warning] [Decorations] CAPPING events from decorations provider vscode.git 5775
[2022-08-04 15:29:12.093] [exthost] [warning] [Decorations] CAPPING events from decorations provider vscode.git 5775
[2022-08-04 15:29:43.092] [exthost] [warning] [Decorations] CAPPING events from decorations provider vscode.git 5775
[2022-08-04 15:30:02.882] [exthost] [warning] [Decorations] CAPPING events from decorations provider vscode.git 5775
[2022-08-04 15:30:34.124] [exthost] [warning] [Decorations] CAPPING events from decorations provider vscode.git 5775
[2022-08-04 15:30:54.564] [exthost] [warning] [Decorations] CAPPING events from decorations provider vscode.git 5775
[2022-08-04 15:31:26.611] [exthost] [warning] [Decorations] CAPPING events from decorations provider vscode.git 5775
[2022-08-04 15:31:45.141] [exthost] [warning] [Decorations] CAPPING events from decorations provider vscode.git 5775
[2022-08-04 15:32:14.113] [exthost] [warning] [Decorations] CAPPING events from decorations provider vscode.git 5775
[2022-08-04 15:32:36.169] [exthost] [warning] [Decorations] CAPPING events from decorations provider vscode.git 5775
[2022-08-04 15:33:06.189] [exthost] [warning] [Decorations] CAPPING events from decorations provider vscode.git 5775
[2022-08-04 15:33:27.021] [exthost] [warning] [Decorations] CAPPING events from decorations provider vscode.git 5775
[2022-08-04 15:34:01.825] [exthost] [warning] [Decorations] CAPPING events from decorations provider vscode.git 5775
[2022-08-04 15:34:20.342] [exthost] [warning] [Decorations] CAPPING events from decorations provider vscode.git 5775
[2022-08-04 15:34:52.628] [exthost] [warning] [Decorations] CAPPING events from decorations provider vscode.git 5775
[2022-08-04 15:35:12.105] [exthost] [warning] [Decorations] CAPPING events from decorations provider vscode.git 5775
[2022-08-04 15:35:46.403] [exthost] [warning] [Decorations] CAPPING events from decorations provider vscode.git 5775
[2022-08-04 15:36:02.029] [exthost] [warning] [Decorations] CAPPING events from decorations provider vscode.git 5775
[2022-08-04 15:36:33.164] [exthost] [warning] [Decorations] CAPPING events from decorations provider vscode.git 5775
[2022-08-04 15:36:57.892] [exthost] [warning] [Decorations] CAPPING events from decorations provider vscode.git 5775
[2022-08-04 15:37:19.912] [exthost] [warning] [Decorations] CAPPING events from decorations provider vscode.git 5775
[2022-08-04 15:37:37.798] [exthost] [warning] [Decorations] CAPPING events from decorations provider vscode.git 5775
[2022-08-04 15:38:09.029] [exthost] [warning] [Decorations] CAPPING events from decorations provider vscode.git 5775
[2022-08-04 15:38:33.180] [exthost] [warning] [Decorations] CAPPING events from decorations provider vscode.git 5775
[2022-08-04 15:38:51.151] [exthost] [warning] [Decorations] CAPPING events from decorations provider vscode.git 5775
[2022-08-04 15:39:23.232] [exthost] [warning] [Decorations] CAPPING events from decorations provider vscode.git 5775
[2022-08-04 15:39:42.884] [exthost] [warning] [Decorations] CAPPING events from decorations provider vscode.git 5775
[2022-08-04 15:40:14.147] [exthost] [warning] [Decorations] CAPPING events from decorations provider vscode.git 5775
[2022-08-04 15:40:34.145] [exthost] [warning] [Decorations] CAPPING events from decorations provider vscode.git 5775
[2022-08-04 15:41:06.198] [exthost] [warning] [Decorations] CAPPING events from decorations provider vscode.git 5775
[2022-08-04 15:41:25.686] [exthost] [warning] [Decorations] CAPPING events from decorations provider vscode.git 5775
[2022-08-04 15:41:55.962] [exthost] [warning] [Decorations] CAPPING events from decorations provider vscode.git 5775
[2022-08-04 15:42:19.373] [exthost] [warning] [Decorations] CAPPING events from decorations provider vscode.git 5775
[2022-08-04 15:42:49.434] [exthost] [warning] [Decorations] CAPPING events from decorations provider vscode.git 5775
[2022-08-04 15:43:10.889] [exthost] [warning] [Decorations] CAPPING events from decorations provider vscode.git 5775
[2022-08-04 15:43:41.929] [exthost] [warning] [Decorations] CAPPING events from decorations provider vscode.git 5775
[2022-08-04 15:44:10.349] [exthost] [warning] [Decorations] CAPPING events from decorations provider vscode.git 5775
[2022-08-04 15:44:40.130] [exthost] [warning] [Decorations] CAPPING events from decorations provider vscode.git 5775
[2022-08-04 15:45:00.921] [exthost] [warning] [Decorations] CAPPING events from decorations provider vscode.git 5775
[2022-08-04 15:45:31.918] [exthost] [warning] [Decorations] CAPPING events from decorations provider vscode.git 5775
[2022-08-04 15:45:52.944] [exthost] [warning] [Decorations] CAPPING events from decorations provider vscode.git 5775
[2022-08-04 15:46:22.930] [exthost] [warning] [Decorations] CAPPING events from decorations provider vscode.git 5775
[2022-08-04 15:46:45.023] [exthost] [warning] [Decorations] CAPPING events from decorations provider vscode.git 5775
[2022-08-04 15:47:17.185] [exthost] [warning] [Decorations] CAPPING events from decorations provider vscode.git 5775
[2022-08-04 15:47:38.462] [exthost] [warning] [Decorations] CAPPING events from decorations provider vscode.git 5775
[2022-08-04 15:47:59.284] [exthost] [warning] [Decorations] CAPPING events from decorations provider vscode.git 5775
[2022-08-04 15:48:30.601] [exthost] [warning] [Decorations] CAPPING events from decorations provider vscode.git 5775
[2022-08-04 15:48:54.153] [exthost] [warning] [Decorations] CAPPING events from decorations provider vscode.git 5775
[2022-08-04 15:49:14.387] [exthost] [warning] [Decorations] CAPPING events from decorations provider vscode.git 5775
[2022-08-04 15:49:45.872] [exthost] [warning] [Decorations] CAPPING events from decorations provider vscode.git 5775
[2022-08-04 15:50:05.820] [exthost] [warning] [Decorations] CAPPING events from decorations provider vscode.git 5775
[2022-08-04 15:50:37.882] [exthost] [warning] [Decorations] CAPPING events from decorations provider vscode.git 5775
[2022-08-04 15:50:56.703] [exthost] [warning] [Decorations] CAPPING events from decorations provider vscode.git 5775
[2022-08-04 15:51:29.191] [exthost] [warning] [Decorations] CAPPING events from decorations provider vscode.git 5775
[2022-08-04 15:51:47.318] [exthost] [warning] [Decorations] CAPPING events from decorations provider vscode.git 5775
[2022-08-04 15:52:19.361] [exthost] [warning] [Decorations] CAPPING events from decorations provider vscode.git 5775
[2022-08-04 15:52:38.083] [exthost] [warning] [Decorations] CAPPING events from decorations provider vscode.git 5775
[2022-08-04 15:53:09.894] [exthost] [warning] [Decorations] CAPPING events from decorations provider vscode.git 5775
[2022-08-04 15:53:28.948] [exthost] [warning] [Decorations] CAPPING events from decorations provider vscode.git 5775
[2022-08-04 15:54:00.000] [exthost] [warning] [Decorations] CAPPING events from decorations provider vscode.git 5775
[2022-08-04 15:54:21.484] [exthost] [warning] [Decorations] CAPPING events from decorations provider vscode.git 5775
[2022-08-04 15:54:51.265] [exthost] [warning] [Decorations] CAPPING events from decorations provider vscode.git 5775
[2022-08-04 15:55:13.940] [exthost] [warning] [Decorations] CAPPING events from decorations provider vscode.git 5775
[2022-08-04 15:55:42.689] [exthost] [warning] [Decorations] CAPPING events from decorations provider vscode.git 5775
[2022-08-04 15:56:04.944] [exthost] [warning] [Decorations] CAPPING events from decorations provider vscode.git 5775
[2022-08-04 15:56:36.221] [exthost] [warning] [Decorations] CAPPING events from decorations provider vscode.git 5775
[2022-08-04 15:56:55.160] [exthost] [warning] [Decorations] CAPPING events from decorations provider vscode.git 5775
[2022-08-04 15:57:26.419] [exthost] [warning] [Decorations] CAPPING events from decorations provider vscode.git 5775
[2022-08-04 15:57:46.388] [exthost] [warning] [Decorations] CAPPING events from decorations provider vscode.git 5775
[2022-08-04 15:58:17.398] [exthost] [warning] [Decorations] CAPPING events from decorations provider vscode.git 5775
[2022-08-04 15:58:38.633] [exthost] [warning] [Decorations] CAPPING events from decorations provider vscode.git 5775
[2022-08-04 15:59:09.150] [exthost] [warning] [Decorations] CAPPING events from decorations provider vscode.git 5775
[2022-08-04 15:59:29.251] [exthost] [warning] [Decorations] CAPPING events from decorations provider vscode.git 5775
[2022-08-04 16:00:00.279] [exthost] [warning] [Decorations] CAPPING events from decorations provider vscode.git 5775
[2022-08-04 16:00:21.613] [exthost] [warning] [Decorations] CAPPING events from decorations provider vscode.git 5775
[2022-08-04 16:00:52.629] [exthost] [warning] [Decorations] CAPPING events from decorations provider vscode.git 5775
[2022-08-04 16:01:13.275] [exthost] [warning] [Decorations] CAPPING events from decorations provider vscode.git 5775
[2022-08-04 16:01:44.298] [exthost] [warning] [Decorations] CAPPING events from decorations provider vscode.git 5775
[2022-08-04 16:02:04.891] [exthost] [warning] [Decorations] CAPPING events from decorations provider vscode.git 5775
[2022-08-04 16:02:34.082] [exthost] [warning] [Decorations] CAPPING events from decorations provider vscode.git 5775
[2022-08-04 16:02:56.439] [exthost] [warning] [Decorations] CAPPING events from decorations provider vscode.git 5775
[2022-08-04 16:03:26.235] [exthost] [warning] [Decorations] CAPPING events from decorations provider vscode.git 5775
[2022-08-04 16:03:48.174] [exthost] [warning] [Decorations] CAPPING events from decorations provider vscode.git 5775
[2022-08-04 16:04:18.980] [exthost] [warning] [Decorations] CAPPING events from decorations provider vscode.git 5775
[2022-08-04 16:04:38.948] [exthost] [warning] [Decorations] CAPPING events from decorations provider vscode.git 5775
[2022-08-04 16:05:10.176] [exthost] [warning] [Decorations] CAPPING events from decorations provider vscode.git 5775
[2022-08-04 16:05:30.268] [exthost] [warning] [Decorations] CAPPING events from decorations provider vscode.git 5775
[2022-08-04 16:05:59.429] [exthost] [warning] [Decorations] CAPPING events from decorations provider vscode.git 5775
[2022-08-04 16:06:20.978] [exthost] [warning] [Decorations] CAPPING events from decorations provider vscode.git 5775
[2022-08-04 16:06:51.012] [exthost] [warning] [Decorations] CAPPING events from decorations provider vscode.git 5775
[2022-08-04 16:07:14.099] [exthost] [warning] [Decorations] CAPPING events from decorations provider vscode.git 5775
[2022-08-04 16:07:44.363] [exthost] [warning] [Decorations] CAPPING events from decorations provider vscode.git 5775
[2022-08-04 16:08:05.472] [exthost] [warning] [Decorations] CAPPING events from decorations provider vscode.git 5775
[2022-08-04 16:08:35.757] [exthost] [warning] [Decorations] CAPPING events from decorations provider vscode.git 5775
[2022-08-04 16:08:56.652] [exthost] [warning] [Decorations] CAPPING events from decorations provider vscode.git 5775
[2022-08-04 16:09:27.169] [exthost] [warning] [Decorations] CAPPING events from decorations provider vscode.git 5775
[2022-08-04 16:09:46.679] [exthost] [warning] [Decorations] CAPPING events from decorations provider vscode.git 5775
[2022-08-04 16:10:17.972] [exthost] [warning] [Decorations] CAPPING events from decorations provider vscode.git 5775
[2022-08-04 16:10:39.703] [exthost] [warning] [Decorations] CAPPING events from decorations provider vscode.git 5775
[2022-08-04 16:11:10.973] [exthost] [warning] [Decorations] CAPPING events from decorations provider vscode.git 5775
[2022-08-04 16:11:30.861] [exthost] [warning] [Decorations] CAPPING events from decorations provider vscode.git 5775
[2022-08-04 16:12:01.659] [exthost] [warning] [Decorations] CAPPING events from decorations provider vscode.git 5775
[2022-08-04 16:12:23.101] [exthost] [warning] [Decorations] CAPPING events from decorations provider vscode.git 5775
[2022-08-04 16:12:52.490] [exthost] [warning] [Decorations] CAPPING events from decorations provider vscode.git 5775
[2022-08-04 16:13:14.002] [exthost] [warning] [Decorations] CAPPING events from decorations provider vscode.git 5775
[2022-08-04 16:13:43.521] [exthost] [warning] [Decorations] CAPPING events from decorations provider vscode.git 5775
[2022-08-04 16:14:05.597] [exthost] [warning] [Decorations] CAPPING events from decorations provider vscode.git 5775
[2022-08-04 16:14:36.855] [exthost] [warning] [Decorations] CAPPING events from decorations provider vscode.git 5775
[2022-08-04 16:14:55.940] [exthost] [warning] [Decorations] CAPPING events from decorations provider vscode.git 5775
[2022-08-04 16:15:26.964] [exthost] [warning] [Decorations] CAPPING events from decorations provider vscode.git 5775
[2022-08-04 16:15:47.305] [exthost] [warning] [Decorations] CAPPING events from decorations provider vscode.git 5775
[2022-08-04 16:16:18.327] [exthost] [warning] [Decorations] CAPPING events from decorations provider vscode.git 5775
[2022-08-04 16:16:38.688] [exthost] [warning] [Decorations] CAPPING events from decorations provider vscode.git 5775
[2022-08-04 16:17:10.256] [exthost] [warning] [Decorations] CAPPING events from decorations provider vscode.git 5775
[2022-08-04 16:17:28.696] [exthost] [warning] [Decorations] CAPPING events from decorations provider vscode.git 5775
[2022-08-04 16:17:59.748] [exthost] [warning] [Decorations] CAPPING events from decorations provider vscode.git 5775
[2022-08-04 16:18:20.502] [exthost] [warning] [Decorations] CAPPING events from decorations provider vscode.git 5775
[2022-08-04 16:18:52.994] [exthost] [warning] [Decorations] CAPPING events from decorations provider vscode.git 5775
[2022-08-04 16:19:14.455] [exthost] [warning] [Decorations] CAPPING events from decorations provider vscode.git 5775
[2022-08-04 16:19:35.937] [exthost] [warning] [Decorations] CAPPING events from decorations provider vscode.git 5775
[2022-08-04 16:20:06.238] [exthost] [warning] [Decorations] CAPPING events from decorations provider vscode.git 5775
[2022-08-04 16:20:26.798] [exthost] [warning] [Decorations] CAPPING events from decorations provider vscode.git 5775
[2022-08-04 16:20:58.570] [exthost] [warning] [Decorations] CAPPING events from decorations provider vscode.git 5775
[2022-08-04 16:21:17.807] [exthost] [warning] [Decorations] CAPPING events from decorations provider vscode.git 5775
[2022-08-04 16:21:48.832] [exthost] [warning] [Decorations] CAPPING events from decorations provider vscode.git 5775
[2022-08-04 16:22:09.424] [exthost] [warning] [Decorations] CAPPING events from decorations provider vscode.git 5775
[2022-08-04 16:22:40.922] [exthost] [warning] [Decorations] CAPPING events from decorations provider vscode.git 5775
[2022-08-04 16:23:03.925] [exthost] [warning] [Decorations] CAPPING events from decorations provider vscode.git 5775
[2022-08-04 16:23:23.998] [exthost] [warning] [Decorations] CAPPING events from decorations provider vscode.git 5775
[2022-08-04 16:23:55.047] [exthost] [warning] [Decorations] CAPPING events from decorations provider vscode.git 5775
[2022-08-04 16:24:15.815] [exthost] [warning] [Decorations] CAPPING events from decorations provider vscode.git 5775
[2022-08-04 16:24:45.573] [exthost] [warning] [Decorations] CAPPING events from decorations provider vscode.git 5775
[2022-08-04 16:25:07.488] [exthost] [warning] [Decorations] CAPPING events from decorations provider vscode.git 5775
[2022-08-04 16:25:37.004] [exthost] [warning] [Decorations] CAPPING events from decorations provider vscode.git 5775
[2022-08-04 16:25:57.739] [exthost] [warning] [Decorations] CAPPING events from decorations provider vscode.git 5775
[2022-08-04 16:26:28.307] [exthost] [warning] [Decorations] CAPPING events from decorations provider vscode.git 5775
[2022-08-04 16:26:48.511] [exthost] [warning] [Decorations] CAPPING events from decorations provider vscode.git 5775
[2022-08-04 16:27:18.774] [exthost] [warning] [Decorations] CAPPING events from decorations provider vscode.git 5775
[2022-08-04 16:27:44.512] [exthost] [warning] [Decorations] CAPPING events from decorations provider vscode.git 5775
[2022-08-04 16:28:04.859] [exthost] [warning] [Decorations] CAPPING events from decorations provider vscode.git 5775
[2022-08-04 16:28:35.668] [exthost] [warning] [Decorations] CAPPING events from decorations provider vscode.git 5775
[2022-08-04 16:28:58.742] [exthost] [warning] [Decorations] CAPPING events from decorations provider vscode.git 5775
[2022-08-04 16:29:20.754] [exthost] [warning] [Decorations] CAPPING events from decorations provider vscode.git 5775
[2022-08-04 16:29:51.259] [exthost] [warning] [Decorations] CAPPING events from decorations provider vscode.git 5775
[2022-08-04 16:30:12.252] [exthost] [warning] [Decorations] CAPPING events from decorations provider vscode.git 5775
[2022-08-04 16:30:42.531] [exthost] [warning] [Decorations] CAPPING events from decorations provider vscode.git 5775
[2022-08-04 16:31:04.976] [exthost] [warning] [Decorations] CAPPING events from decorations provider vscode.git 5775
[2022-08-04 16:31:35.260] [exthost] [warning] [Decorations] CAPPING events from decorations provider vscode.git 5775
[2022-08-04 16:31:56.816] [exthost] [warning] [Decorations] CAPPING events from decorations provider vscode.git 5775
[2022-08-04 16:32:28.385] [exthost] [warning] [Decorations] CAPPING events from decorations provider vscode.git 5775
[2022-08-04 16:32:49.474] [exthost] [warning] [Decorations] CAPPING events from decorations provider vscode.git 5775
[2022-08-04 16:33:11.042] [exthost] [warning] [Decorations] CAPPING events from decorations provider vscode.git 5775
[2022-08-04 16:33:41.821] [exthost] [warning] [Decorations] CAPPING events from decorations provider vscode.git 5775
[2022-08-04 16:34:02.174] [exthost] [warning] [Decorations] CAPPING events from decorations provider vscode.git 5775
[2022-08-04 16:34:33.453] [exthost] [warning] [Decorations] CAPPING events from decorations provider vscode.git 5775
[2022-08-04 16:34:54.429] [exthost] [warning] [Decorations] CAPPING events from decorations provider vscode.git 5775
[2022-08-04 16:35:24.924] [exthost] [warning] [Decorations] CAPPING events from decorations provider vscode.git 5775
[2022-08-04 16:35:46.581] [exthost] [warning] [Decorations] CAPPING events from decorations provider vscode.git 5775
[2022-08-04 16:36:17.599] [exthost] [warning] [Decorations] CAPPING events from decorations provider vscode.git 5775
[2022-08-04 16:36:39.593] [exthost] [warning] [Decorations] CAPPING events from decorations provider vscode.git 5775
[2022-08-04 16:37:01.413] [exthost] [warning] [Decorations] CAPPING events from decorations provider vscode.git 5775
[2022-08-04 16:37:31.226] [exthost] [warning] [Decorations] CAPPING events from decorations provider vscode.git 5775
[2022-08-04 16:37:52.040] [exthost] [warning] [Decorations] CAPPING events from decorations provider vscode.git 5775
[2022-08-04 16:38:23.277] [exthost] [warning] [Decorations] CAPPING events from decorations provider vscode.git 5775
[2022-08-04 16:38:43.696] [exthost] [warning] [Decorations] CAPPING events from decorations provider vscode.git 5775
[2022-08-04 16:39:14.471] [exthost] [warning] [Decorations] CAPPING events from decorations provider vscode.git 5775
[2022-08-04 16:39:34.989] [exthost] [warning] [Decorations] CAPPING events from decorations provider vscode.git 5775
[2022-08-04 16:40:06.013] [exthost] [warning] [Decorations] CAPPING events from decorations provider vscode.git 5775
[2022-08-04 16:40:26.063] [exthost] [warning] [Decorations] CAPPING events from decorations provider vscode.git 5775
[2022-08-04 16:40:56.841] [exthost] [warning] [Decorations] CAPPING events from decorations provider vscode.git 5775
[2022-08-04 16:41:17.364] [exthost] [warning] [Decorations] CAPPING events from decorations provider vscode.git 5775
[2022-08-04 16:41:48.106] [exthost] [warning] [Decorations] CAPPING events from decorations provider vscode.git 5775
[2022-08-04 16:42:07.555] [exthost] [warning] [Decorations] CAPPING events from decorations provider vscode.git 5775
[2022-08-04 16:42:39.585] [exthost] [warning] [Decorations] CAPPING events from decorations provider vscode.git 5775
[2022-08-04 16:42:58.263] [exthost] [warning] [Decorations] CAPPING events from decorations provider vscode.git 5775
[2022-08-04 16:43:30.268] [exthost] [warning] [Decorations] CAPPING events from decorations provider vscode.git 5775
[2022-08-04 16:43:48.998] [exthost] [warning] [Decorations] CAPPING events from decorations provider vscode.git 5775
[2022-08-04 16:44:19.256] [exthost] [warning] [Decorations] CAPPING events from decorations provider vscode.git 5775
[2022-08-04 16:44:42.491] [exthost] [warning] [Decorations] CAPPING events from decorations provider vscode.git 5775
[2022-08-04 16:45:11.494] [exthost] [warning] [Decorations] CAPPING events from decorations provider vscode.git 5775
[2022-08-04 16:45:33.524] [exthost] [warning] [Decorations] CAPPING events from decorations provider vscode.git 5775
[2022-08-04 16:46:04.818] [exthost] [warning] [Decorations] CAPPING events from decorations provider vscode.git 5775
[2022-08-04 16:46:24.313] [exthost] [warning] [Decorations] CAPPING events from decorations provider vscode.git 5775
[2022-08-04 16:46:55.321] [exthost] [warning] [Decorations] CAPPING events from decorations provider vscode.git 5775
[2022-08-04 16:47:15.758] [exthost] [warning] [Decorations] CAPPING events from decorations provider vscode.git 5775
[2022-08-04 16:47:47.013] [exthost] [warning] [Decorations] CAPPING events from decorations provider vscode.git 5775
[2022-08-04 16:48:06.336] [exthost] [warning] [Decorations] CAPPING events from decorations provider vscode.git 5775
[2022-08-04 16:48:37.381] [exthost] [warning] [Decorations] CAPPING events from decorations provider vscode.git 5775
[2022-08-04 16:48:58.642] [exthost] [warning] [Decorations] CAPPING events from decorations provider vscode.git 5775
[2022-08-04 16:49:29.890] [exthost] [warning] [Decorations] CAPPING events from decorations provider vscode.git 5775
[2022-08-04 16:49:49.961] [exthost] [warning] [Decorations] CAPPING events from decorations provider vscode.git 5775
[2022-08-04 16:50:19.948] [exthost] [warning] [Decorations] CAPPING events from decorations provider vscode.git 5775
[2022-08-04 16:50:41.472] [exthost] [warning] [Decorations] CAPPING events from decorations provider vscode.git 5775
[2022-08-04 16:51:11.740] [exthost] [warning] [Decorations] CAPPING events from decorations provider vscode.git 5775
[2022-08-04 16:51:33.142] [exthost] [warning] [Decorations] CAPPING events from decorations provider vscode.git 5775
[2022-08-04 16:52:04.911] [exthost] [warning] [Decorations] CAPPING events from decorations provider vscode.git 5775
[2022-08-04 16:52:23.110] [exthost] [warning] [Decorations] CAPPING events from decorations provider vscode.git 5775
[2022-08-04 16:52:53.085] [exthost] [warning] [Decorations] CAPPING events from decorations provider vscode.git 5775
[2022-08-04 16:53:14.986] [exthost] [warning] [Decorations] CAPPING events from decorations provider vscode.git 5775
[2022-08-04 16:53:45.270] [exthost] [warning] [Decorations] CAPPING events from decorations provider vscode.git 5775
[2022-08-04 16:54:07.112] [exthost] [warning] [Decorations] CAPPING events from decorations provider vscode.git 5775
[2022-08-04 16:54:39.241] [exthost] [warning] [Decorations] CAPPING events from decorations provider vscode.git 5775
[2022-08-04 16:55:00.861] [exthost] [warning] [Decorations] CAPPING events from decorations provider vscode.git 5775
[2022-08-04 16:55:21.650] [exthost] [warning] [Decorations] CAPPING events from decorations provider vscode.git 5775
[2022-08-04 16:55:52.664] [exthost] [warning] [Decorations] CAPPING events from decorations provider vscode.git 5775
[2022-08-04 16:56:13.417] [exthost] [warning] [Decorations] CAPPING events from decorations provider vscode.git 5775
[2022-08-04 16:56:44.460] [exthost] [warning] [Decorations] CAPPING events from decorations provider vscode.git 5775
[2022-08-04 16:57:05.922] [exthost] [warning] [Decorations] CAPPING events from decorations provider vscode.git 5775
[2022-08-04 16:57:37.984] [exthost] [warning] [Decorations] CAPPING events from decorations provider vscode.git 5775
[2022-08-04 16:57:57.007] [exthost] [warning] [Decorations] CAPPING events from decorations provider vscode.git 5775
[2022-08-04 16:58:28.297] [exthost] [warning] [Decorations] CAPPING events from decorations provider vscode.git 5775
[2022-08-04 16:58:49.348] [exthost] [warning] [Decorations] CAPPING events from decorations provider vscode.git 5775
[2022-08-04 16:59:20.176] [exthost] [warning] [Decorations] CAPPING events from decorations provider vscode.git 5775
[2022-08-04 16:59:41.948] [exthost] [warning] [Decorations] CAPPING events from decorations provider vscode.git 5775
[2022-08-04 17:00:12.214] [exthost] [warning] [Decorations] CAPPING events from decorations provider vscode.git 5775
[2022-08-04 17:00:33.964] [exthost] [warning] [Decorations] CAPPING events from decorations provider vscode.git 5775
[2022-08-04 17:01:06.219] [exthost] [warning] [Decorations] CAPPING events from decorations provider vscode.git 5775
[2022-08-04 17:01:23.986] [exthost] [warning] [Decorations] CAPPING events from decorations provider vscode.git 5775
[2022-08-04 17:01:56.011] [exthost] [warning] [Decorations] CAPPING events from decorations provider vscode.git 5775
[2022-08-04 17:02:14.534] [exthost] [warning] [Decorations] CAPPING events from decorations provider vscode.git 5775
[2022-08-04 17:02:47.028] [exthost] [warning] [Decorations] CAPPING events from decorations provider vscode.git 5775
[2022-08-04 17:03:04.829] [exthost] [warning] [Decorations] CAPPING events from decorations provider vscode.git 5775
[2022-08-04 17:03:36.847] [exthost] [warning] [Decorations] CAPPING events from decorations provider vscode.git 5775
[2022-08-04 17:03:54.910] [exthost] [warning] [Decorations] CAPPING events from decorations provider vscode.git 5775
[2022-08-04 17:04:26.440] [exthost] [warning] [Decorations] CAPPING events from decorations provider vscode.git 5775
[2022-08-04 17:04:46.424] [exthost] [warning] [Decorations] CAPPING events from decorations provider vscode.git 5775
[2022-08-04 17:05:17.910] [exthost] [warning] [Decorations] CAPPING events from decorations provider vscode.git 5775
[2022-08-04 17:05:40.167] [exthost] [warning] [Decorations] CAPPING events from decorations provider vscode.git 5775
[2022-08-04 17:06:02.697] [exthost] [warning] [Decorations] CAPPING events from decorations provider vscode.git 5775
[2022-08-04 17:06:31.730] [exthost] [warning] [Decorations] CAPPING events from decorations provider vscode.git 5775
[2022-08-04 17:06:53.973] [exthost] [warning] [Decorations] CAPPING events from decorations provider vscode.git 5775
[2022-08-04 17:07:23.773] [exthost] [warning] [Decorations] CAPPING events from decorations provider vscode.git 5775
[2022-08-04 17:07:44.906] [exthost] [warning] [Decorations] CAPPING events from decorations provider vscode.git 5775
[2022-08-04 17:08:16.654] [exthost] [warning] [Decorations] CAPPING events from decorations provider vscode.git 5775
[2022-08-04 17:08:34.905] [exthost] [warning] [Decorations] CAPPING events from decorations provider vscode.git 5775
[2022-08-04 17:09:05.704] [exthost] [warning] [Decorations] CAPPING events from decorations provider vscode.git 5775
[2022-08-04 17:09:26.930] [exthost] [warning] [Decorations] CAPPING events from decorations provider vscode.git 5775
[2022-08-04 17:09:57.672] [exthost] [warning] [Decorations] CAPPING events from decorations provider vscode.git 5775
[2022-08-04 17:10:16.194] [exthost] [warning] [Decorations] CAPPING events from decorations provider vscode.git 5775
[2022-08-04 17:10:47.713] [exthost] [warning] [Decorations] CAPPING events from decorations provider vscode.git 5775
[2022-08-04 17:11:07.992] [exthost] [warning] [Decorations] CAPPING events from decorations provider vscode.git 5775
[2022-08-04 17:11:38.754] [exthost] [warning] [Decorations] CAPPING events from decorations provider vscode.git 5775
[2022-08-04 17:11:59.177] [exthost] [warning] [Decorations] CAPPING events from decorations provider vscode.git 5775
[2022-08-04 17:12:30.186] [exthost] [warning] [Decorations] CAPPING events from decorations provider vscode.git 5775
[2022-08-04 17:12:50.234] [exthost] [warning] [Decorations] CAPPING events from decorations provider vscode.git 5775
[2022-08-04 17:13:21.031] [exthost] [warning] [Decorations] CAPPING events from decorations provider vscode.git 5775
[2022-08-04 17:13:41.366] [exthost] [warning] [Decorations] CAPPING events from decorations provider vscode.git 5775
[2022-08-04 17:14:11.893] [exthost] [warning] [Decorations] CAPPING events from decorations provider vscode.git 5775
[2022-08-04 17:14:34.397] [exthost] [warning] [Decorations] CAPPING events from decorations provider vscode.git 5775
[2022-08-04 17:14:56.891] [exthost] [warning] [Decorations] CAPPING events from decorations provider vscode.git 5775
[2022-08-04 17:15:28.403] [exthost] [warning] [Decorations] CAPPING events from decorations provider vscode.git 5775
[2022-08-04 17:15:46.144] [exthost] [warning] [Decorations] CAPPING events from decorations provider vscode.git 5775
[2022-08-04 17:16:17.430] [exthost] [warning] [Decorations] CAPPING events from decorations provider vscode.git 5775
[2022-08-04 17:16:39.262] [exthost] [warning] [Decorations] CAPPING events from decorations provider vscode.git 5775
[2022-08-04 17:17:04.990] [exthost] [warning] [Decorations] CAPPING events from decorations provider vscode.git 5775
[2022-08-04 17:17:26.002] [exthost] [warning] [Decorations] CAPPING events from decorations provider vscode.git 5775
[2022-08-04 17:17:58.069] [exthost] [warning] [Decorations] CAPPING events from decorations provider vscode.git 5775
[2022-08-04 17:18:17.336] [exthost] [warning] [Decorations] CAPPING events from decorations provider vscode.git 5775
[2022-08-04 17:18:51.402] [exthost] [warning] [Decorations] CAPPING events from decorations provider vscode.git 5775
[2022-08-04 17:19:07.065] [exthost] [warning] [Decorations] CAPPING events from decorations provider vscode.git 5775
[2022-08-04 17:19:37.660] [exthost] [warning] [Decorations] CAPPING events from decorations provider vscode.git 5775
[2022-08-04 17:20:02.740] [exthost] [warning] [Decorations] CAPPING events from decorations provider vscode.git 5775
[2022-08-04 17:20:23.838] [exthost] [warning] [Decorations] CAPPING events from decorations provider vscode.git 5775
[2022-08-04 17:20:54.094] [exthost] [warning] [Decorations] CAPPING events from decorations provider vscode.git 5775
[2022-08-04 17:21:16.585] [exthost] [warning] [Decorations] CAPPING events from decorations provider vscode.git 5775
[2022-08-04 17:21:48.120] [exthost] [warning] [Decorations] CAPPING events from decorations provider vscode.git 5775
[2022-08-04 17:22:04.721] [exthost] [warning] [Decorations] CAPPING events from decorations provider vscode.git 5775
[2022-08-04 17:22:35.957] [exthost] [warning] [Decorations] CAPPING events from decorations provider vscode.git 5775
[2022-08-04 17:22:56.237] [exthost] [warning] [Decorations] CAPPING events from decorations provider vscode.git 5775
[2022-08-04 17:23:26.757] [exthost] [warning] [Decorations] CAPPING events from decorations provider vscode.git 5775
[2022-08-04 17:23:46.736] [exthost] [warning] [Decorations] CAPPING events from decorations provider vscode.git 5775
[2022-08-04 17:24:17.998] [exthost] [warning] [Decorations] CAPPING events from decorations provider vscode.git 5775
[2022-08-04 17:24:38.239] [exthost] [warning] [Decorations] CAPPING events from decorations provider vscode.git 5775
[2022-08-04 17:25:09.014] [exthost] [warning] [Decorations] CAPPING events from decorations provider vscode.git 5775
[2022-08-04 17:25:29.270] [exthost] [warning] [Decorations] CAPPING events from decorations provider vscode.git 5775
[2022-08-04 17:26:01.080] [exthost] [warning] [Decorations] CAPPING events from decorations provider vscode.git 5775
[2022-08-04 17:26:19.032] [exthost] [warning] [Decorations] CAPPING events from decorations provider vscode.git 5775
[2022-08-04 17:26:51.330] [exthost] [warning] [Decorations] CAPPING events from decorations provider vscode.git 5775
[2022-08-04 17:27:09.898] [exthost] [warning] [Decorations] CAPPING events from decorations provider vscode.git 5775
[2022-08-04 17:27:41.203] [exthost] [warning] [Decorations] CAPPING events from decorations provider vscode.git 5775
[2022-08-04 17:28:02.821] [exthost] [warning] [Decorations] CAPPING events from decorations provider vscode.git 5775
[2022-08-04 17:28:33.606] [exthost] [warning] [Decorations] CAPPING events from decorations provider vscode.git 5775
[2022-08-04 17:28:53.164] [exthost] [warning] [Decorations] CAPPING events from decorations provider vscode.git 5775
[2022-08-04 17:29:23.684] [exthost] [warning] [Decorations] CAPPING events from decorations provider vscode.git 5775
[2022-08-04 17:29:44.217] [exthost] [warning] [Decorations] CAPPING events from decorations provider vscode.git 5775
[2022-08-04 17:30:14.539] [exthost] [warning] [Decorations] CAPPING events from decorations provider vscode.git 5775
[2022-08-04 17:30:35.836] [exthost] [warning] [Decorations] CAPPING events from decorations provider vscode.git 5775
[2022-08-04 17:31:05.357] [exthost] [warning] [Decorations] CAPPING events from decorations provider vscode.git 5775
[2022-08-04 17:31:26.409] [exthost] [warning] [Decorations] CAPPING events from decorations provider vscode.git 5775
[2022-08-04 17:31:57.915] [exthost] [warning] [Decorations] CAPPING events from decorations provider vscode.git 5775
[2022-08-04 17:32:16.594] [exthost] [warning] [Decorations] CAPPING events from decorations provider vscode.git 5775
[2022-08-04 17:32:47.340] [exthost] [warning] [Decorations] CAPPING events from decorations provider vscode.git 5775
[2022-08-04 17:33:07.582] [exthost] [warning] [Decorations] CAPPING events from decorations provider vscode.git 5775
[2022-08-04 17:33:40.632] [exthost] [warning] [Decorations] CAPPING events from decorations provider vscode.git 5775
[2022-08-04 17:33:57.725] [exthost] [warning] [Decorations] CAPPING events from decorations provider vscode.git 5775
[2022-08-04 17:34:27.784] [exthost] [warning] [Decorations] CAPPING events from decorations provider vscode.git 5775
[2022-08-04 17:34:53.341] [exthost] [warning] [Decorations] CAPPING events from decorations provider vscode.git 5775
[2022-08-04 17:35:15.312] [exthost] [warning] [Decorations] CAPPING events from decorations provider vscode.git 5775
[2022-08-04 17:35:45.586] [exthost] [warning] [Decorations] CAPPING events from decorations provider vscode.git 5775
[2022-08-04 17:36:07.436] [exthost] [warning] [Decorations] CAPPING events from decorations provider vscode.git 5775
[2022-08-04 17:36:39.735] [exthost] [warning] [Decorations] CAPPING events from decorations provider vscode.git 5775
[2022-08-04 17:36:59.071] [exthost] [warning] [Decorations] CAPPING events from decorations provider vscode.git 5775
[2022-08-04 17:37:21.809] [exthost] [warning] [Decorations] CAPPING events from decorations provider vscode.git 5775
[2022-08-04 17:37:50.549] [exthost] [warning] [Decorations] CAPPING events from decorations provider vscode.git 5775
[2022-08-04 17:38:12.828] [exthost] [warning] [Decorations] CAPPING events from decorations provider vscode.git 5775
[2022-08-04 17:38:44.071] [exthost] [warning] [Decorations] CAPPING events from decorations provider vscode.git 5775
[2022-08-04 17:39:02.593] [exthost] [warning] [Decorations] CAPPING events from decorations provider vscode.git 5775
[2022-08-04 17:39:33.129] [exthost] [warning] [Decorations] CAPPING events from decorations provider vscode.git 5775
[2022-08-04 17:39:55.041] [exthost] [warning] [Decorations] CAPPING events from decorations provider vscode.git 5775
[2022-08-04 17:40:24.831] [exthost] [warning] [Decorations] CAPPING events from decorations provider vscode.git 5775
[2022-08-04 17:40:46.288] [exthost] [warning] [Decorations] CAPPING events from decorations provider vscode.git 5775
[2022-08-04 17:41:15.807] [exthost] [warning] [Decorations] CAPPING events from decorations provider vscode.git 5775
[2022-08-04 17:41:40.268] [exthost] [warning] [Decorations] CAPPING events from decorations provider vscode.git 5775
[2022-08-04 17:42:03.228] [exthost] [warning] [Decorations] CAPPING events from decorations provider vscode.git 5775
[2022-08-04 17:42:33.238] [exthost] [warning] [Decorations] CAPPING events from decorations provider vscode.git 5775
[2022-08-04 17:42:53.608] [exthost] [warning] [Decorations] CAPPING events from decorations provider vscode.git 5775
[2022-08-04 17:43:24.895] [exthost] [warning] [Decorations] CAPPING events from decorations provider vscode.git 5775
[2022-08-04 17:43:45.955] [exthost] [warning] [Decorations] CAPPING events from decorations provider vscode.git 5775
[2022-08-04 17:44:15.964] [exthost] [warning] [Decorations] CAPPING events from decorations provider vscode.git 5775
[2022-08-04 17:44:37.721] [exthost] [warning] [Decorations] CAPPING events from decorations provider vscode.git 5775
[2022-08-04 17:45:08.775] [exthost] [warning] [Decorations] CAPPING events from decorations provider vscode.git 5775
[2022-08-04 17:45:29.670] [exthost] [warning] [Decorations] CAPPING events from decorations provider vscode.git 5775
[2022-08-04 17:46:01.685] [exthost] [warning] [Decorations] CAPPING events from decorations provider vscode.git 5775
[2022-08-04 17:46:19.705] [exthost] [warning] [Decorations] CAPPING events from decorations provider vscode.git 5775
[2022-08-04 17:46:50.201] [exthost] [warning] [Decorations] CAPPING events from decorations provider vscode.git 5775
[2022-08-04 17:47:12.127] [exthost] [warning] [Decorations] CAPPING events from decorations provider vscode.git 5775
[2022-08-04 17:47:42.157] [exthost] [warning] [Decorations] CAPPING events from decorations provider vscode.git 5775
[2022-08-04 17:48:04.009] [exthost] [warning] [Decorations] CAPPING events from decorations provider vscode.git 5775
[2022-08-04 17:48:34.507] [exthost] [warning] [Decorations] CAPPING events from decorations provider vscode.git 5775
[2022-08-04 17:48:54.869] [exthost] [warning] [Decorations] CAPPING events from decorations provider vscode.git 5775
[2022-08-04 17:49:27.924] [exthost] [warning] [Decorations] CAPPING events from decorations provider vscode.git 5775
[2022-08-04 17:49:45.766] [exthost] [warning] [Decorations] CAPPING events from decorations provider vscode.git 5775
[2022-08-04 17:50:17.050] [exthost] [warning] [Decorations] CAPPING events from decorations provider vscode.git 5775
[2022-08-04 17:50:37.044] [exthost] [warning] [Decorations] CAPPING events from decorations provider vscode.git 5775
[2022-08-04 17:51:08.291] [exthost] [warning] [Decorations] CAPPING events from decorations provider vscode.git 5775
[2022-08-04 17:51:28.443] [exthost] [warning] [Decorations] CAPPING events from decorations provider vscode.git 5775
[2022-08-04 17:51:57.781] [exthost] [warning] [Decorations] CAPPING events from decorations provider vscode.git 5775
[2022-08-04 17:52:19.786] [exthost] [warning] [Decorations] CAPPING events from decorations provider vscode.git 5775
[2022-08-04 17:52:50.305] [exthost] [warning] [Decorations] CAPPING events from decorations provider vscode.git 5775
[2022-08-04 17:53:11.095] [exthost] [warning] [Decorations] CAPPING events from decorations provider vscode.git 5775
[2022-08-04 17:53:42.356] [exthost] [warning] [Decorations] CAPPING events from decorations provider vscode.git 5775
[2022-08-04 17:54:02.500] [exthost] [warning] [Decorations] CAPPING events from decorations provider vscode.git 5775
[2022-08-04 17:54:33.559] [exthost] [warning] [Decorations] CAPPING events from decorations provider vscode.git 5775
[2022-08-04 17:54:55.111] [exthost] [warning] [Decorations] CAPPING events from decorations provider vscode.git 5775
[2022-08-04 17:55:27.141] [exthost] [warning] [Decorations] CAPPING events from decorations provider vscode.git 5775
[2022-08-04 17:55:45.936] [exthost] [warning] [Decorations] CAPPING events from decorations provider vscode.git 5775
[2022-08-04 17:56:16.178] [exthost] [warning] [Decorations] CAPPING events from decorations provider vscode.git 5775
[2022-08-04 17:56:37.972] [exthost] [warning] [Decorations] CAPPING events from decorations provider vscode.git 5775
[2022-08-04 17:57:08.473] [exthost] [warning] [Decorations] CAPPING events from decorations provider vscode.git 5775
[2022-08-04 17:57:28.850] [exthost] [warning] [Decorations] CAPPING events from decorations provider vscode.git 5775
[2022-08-04 17:57:59.102] [exthost] [warning] [Decorations] CAPPING events from decorations provider vscode.git 5775
[2022-08-04 17:58:19.352] [exthost] [warning] [Decorations] CAPPING events from decorations provider vscode.git 5775
[2022-08-04 17:58:50.367] [exthost] [warning] [Decorations] CAPPING events from decorations provider vscode.git 5775
[2022-08-04 17:59:10.168] [exthost] [warning] [Decorations] CAPPING events from decorations provider vscode.git 5775
[2022-08-04 17:59:41.422] [exthost] [warning] [Decorations] CAPPING events from decorations provider vscode.git 5775
[2022-08-04 18:00:01.945] [exthost] [warning] [Decorations] CAPPING events from decorations provider vscode.git 5775
[2022-08-04 18:00:33.425] [exthost] [warning] [Decorations] CAPPING events from decorations provider vscode.git 5775
[2022-08-04 18:00:53.179] [exthost] [warning] [Decorations] CAPPING events from decorations provider vscode.git 5775
[2022-08-04 18:01:23.965] [exthost] [warning] [Decorations] CAPPING events from decorations provider vscode.git 5775
[2022-08-04 18:01:44.459] [exthost] [warning] [Decorations] CAPPING events from decorations provider vscode.git 5775
[2022-08-04 18:02:15.705] [exthost] [warning] [Decorations] CAPPING events from decorations provider vscode.git 5775
[2022-08-04 18:02:36.093] [exthost] [warning] [Decorations] CAPPING events from decorations provider vscode.git 5775
[2022-08-04 18:03:08.363] [exthost] [warning] [Decorations] CAPPING events from decorations provider vscode.git 5775
[2022-08-04 18:03:26.929] [exthost] [warning] [Decorations] CAPPING events from decorations provider vscode.git 5775
[2022-08-04 18:03:58.429] [exthost] [warning] [Decorations] CAPPING events from decorations provider vscode.git 5775
[2022-08-04 18:04:18.489] [exthost] [warning] [Decorations] CAPPING events from decorations provider vscode.git 5775
[2022-08-04 18:04:48.254] [exthost] [warning] [Decorations] CAPPING events from decorations provider vscode.git 5775
[2022-08-04 18:05:11.084] [exthost] [warning] [Decorations] CAPPING events from decorations provider vscode.git 5775
[2022-08-04 18:05:42.590] [exthost] [warning] [Decorations] CAPPING events from decorations provider vscode.git 5775
[2022-08-04 18:06:01.395] [exthost] [warning] [Decorations] CAPPING events from decorations provider vscode.git 5775
[2022-08-04 18:06:31.925] [exthost] [warning] [Decorations] CAPPING events from decorations provider vscode.git 5775
[2022-08-04 18:06:54.907] [exthost] [warning] [Decorations] CAPPING events from decorations provider vscode.git 5775
[2022-08-04 18:07:28.679] [exthost] [warning] [Decorations] CAPPING events from decorations provider vscode.git 5775
[2022-08-04 18:07:43.916] [exthost] [warning] [Decorations] CAPPING events from decorations provider vscode.git 5775
[2022-08-04 18:08:15.089] [exthost] [warning] [Decorations] CAPPING events from decorations provider vscode.git 5775
[2022-08-04 18:08:39.212] [exthost] [warning] [Decorations] CAPPING events from decorations provider vscode.git 5775
[2022-08-04 18:08:58.980] [exthost] [warning] [Decorations] CAPPING events from decorations provider vscode.git 5775
[2022-08-04 18:09:28.998] [exthost] [warning] [Decorations] CAPPING events from decorations provider vscode.git 5775
[2022-08-04 18:09:51.045] [exthost] [warning] [Decorations] CAPPING events from decorations provider vscode.git 5775
[2022-08-04 18:10:22.048] [exthost] [warning] [Decorations] CAPPING events from decorations provider vscode.git 5775
[2022-08-04 18:10:40.776] [exthost] [warning] [Decorations] CAPPING events from decorations provider vscode.git 5775
[2022-08-04 18:11:12.791] [exthost] [warning] [Decorations] CAPPING events from decorations provider vscode.git 5775
[2022-08-04 18:11:31.919] [exthost] [warning] [Decorations] CAPPING events from decorations provider vscode.git 5775
[2022-08-04 18:12:02.702] [exthost] [warning] [Decorations] CAPPING events from decorations provider vscode.git 5775
[2022-08-04 18:12:22.449] [exthost] [warning] [Decorations] CAPPING events from decorations provider vscode.git 5775
[2022-08-04 18:12:52.207] [exthost] [warning] [Decorations] CAPPING events from decorations provider vscode.git 5775
[2022-08-04 18:13:13.732] [exthost] [warning] [Decorations] CAPPING events from decorations provider vscode.git 5775
[2022-08-04 18:13:44.491] [exthost] [warning] [Decorations] CAPPING events from decorations provider vscode.git 5775
[2022-08-04 18:14:04.659] [exthost] [warning] [Decorations] CAPPING events from decorations provider vscode.git 5775
[2022-08-04 18:14:34.906] [exthost] [warning] [Decorations] CAPPING events from decorations provider vscode.git 5775
[2022-08-04 18:14:56.661] [exthost] [warning] [Decorations] CAPPING events from decorations provider vscode.git 5775
[2022-08-04 18:15:28.178] [exthost] [warning] [Decorations] CAPPING events from decorations provider vscode.git 5775
[2022-08-04 18:15:47.836] [exthost] [warning] [Decorations] CAPPING events from decorations provider vscode.git 5775
[2022-08-04 18:16:18.599] [exthost] [warning] [Decorations] CAPPING events from decorations provider vscode.git 5775
[2022-08-04 18:16:41.716] [exthost] [warning] [Decorations] CAPPING events from decorations provider vscode.git 5775
[2022-08-04 18:17:01.781] [exthost] [warning] [Decorations] CAPPING events from decorations provider vscode.git 5775
[2022-08-04 18:17:33.056] [exthost] [warning] [Decorations] CAPPING events from decorations provider vscode.git 5775
[2022-08-04 18:17:53.557] [exthost] [warning] [Decorations] CAPPING events from decorations provider vscode.git 5775
[2022-08-04 18:18:24.036] [exthost] [warning] [Decorations] CAPPING events from decorations provider vscode.git 5775
[2022-08-04 18:18:45.770] [exthost] [warning] [Decorations] CAPPING events from decorations provider vscode.git 5775
[2022-08-04 18:19:16.494] [exthost] [warning] [Decorations] CAPPING events from decorations provider vscode.git 5775
[2022-08-04 18:19:37.014] [exthost] [warning] [Decorations] CAPPING events from decorations provider vscode.git 5775
[2022-08-04 18:20:10.053] [exthost] [warning] [Decorations] CAPPING events from decorations provider vscode.git 5775
[2022-08-04 18:20:27.115] [exthost] [warning] [Decorations] CAPPING events from decorations provider vscode.git 5775
[2022-08-04 18:20:57.888] [exthost] [warning] [Decorations] CAPPING events from decorations provider vscode.git 5775
[2022-08-04 18:21:18.884] [exthost] [warning] [Decorations] CAPPING events from decorations provider vscode.git 5775
[2022-08-04 18:21:50.186] [exthost] [warning] [Decorations] CAPPING events from decorations provider vscode.git 5775
[2022-08-04 18:22:10.718] [exthost] [warning] [Decorations] CAPPING events from decorations provider vscode.git 5775
[2022-08-04 18:22:41.771] [exthost] [warning] [Decorations] CAPPING events from decorations provider vscode.git 5775
[2022-08-04 18:23:02.482] [exthost] [warning] [Decorations] CAPPING events from decorations provider vscode.git 5775
[2022-08-04 18:23:45.495] [exthost] [warning] [Decorations] CAPPING events from decorations provider vscode.git 5775
[2022-08-04 18:24:19.697] [exthost] [warning] [Decorations] CAPPING events from decorations provider vscode.git 5775
[2022-08-04 18:24:40.986] [exthost] [warning] [Decorations] CAPPING events from decorations provider vscode.git 5775
[2022-08-04 18:25:12.034] [exthost] [warning] [Decorations] CAPPING events from decorations provider vscode.git 5775
[2022-08-04 18:25:34.698] [exthost] [warning] [Decorations] CAPPING events from decorations provider vscode.git 5775
[2022-08-04 18:26:05.978] [exthost] [warning] [Decorations] CAPPING events from decorations provider vscode.git 5775
[2022-08-04 18:26:25.066] [exthost] [warning] [Decorations] CAPPING events from decorations provider vscode.git 5775
[2022-08-04 18:26:57.601] [exthost] [warning] [Decorations] CAPPING events from decorations provider vscode.git 5775
[2022-08-04 18:27:18.183] [exthost] [warning] [Decorations] CAPPING events from decorations provider vscode.git 5775
[2022-08-04 18:27:41.076] [exthost] [warning] [Decorations] CAPPING events from decorations provider vscode.git 5775
[2022-08-04 18:28:11.394] [exthost] [warning] [Decorations] CAPPING events from decorations provider vscode.git 5775
[2022-08-04 18:28:31.951] [exthost] [warning] [Decorations] CAPPING events from decorations provider vscode.git 5775
[2022-08-04 18:29:02.963] [exthost] [warning] [Decorations] CAPPING events from decorations provider vscode.git 5775
[2022-08-04 18:29:23.677] [exthost] [warning] [Decorations] CAPPING events from decorations provider vscode.git 5775
[2022-08-04 18:29:54.928] [exthost] [warning] [Decorations] CAPPING events from decorations provider vscode.git 5775
[2022-08-04 18:30:15.439] [exthost] [warning] [Decorations] CAPPING events from decorations provider vscode.git 5775
[2022-08-04 18:30:46.723] [exthost] [warning] [Decorations] CAPPING events from decorations provider vscode.git 5775
[2022-08-04 18:31:07.206] [exthost] [warning] [Decorations] CAPPING events from decorations provider vscode.git 5775
[2022-08-04 18:31:37.448] [exthost] [warning] [Decorations] CAPPING events from decorations provider vscode.git 5775
[2022-08-04 18:31:59.929] [exthost] [warning] [Decorations] CAPPING events from decorations provider vscode.git 5775
[2022-08-04 18:32:31.177] [exthost] [warning] [Decorations] CAPPING events from decorations provider vscode.git 5775
[2022-08-04 18:32:49.779] [exthost] [warning] [Decorations] CAPPING events from decorations provider vscode.git 5775
[2022-08-04 18:33:20.323] [exthost] [warning] [Decorations] CAPPING events from decorations provider vscode.git 5775
[2022-08-04 18:33:43.412] [exthost] [warning] [Decorations] CAPPING events from decorations provider vscode.git 5775
[2022-08-04 18:34:12.657] [exthost] [warning] [Decorations] CAPPING events from decorations provider vscode.git 5775
[2022-08-04 18:34:34.185] [exthost] [warning] [Decorations] CAPPING events from decorations provider vscode.git 5775
[2022-08-04 18:35:06.228] [exthost] [warning] [Decorations] CAPPING events from decorations provider vscode.git 5775
[2022-08-04 18:35:25.621] [exthost] [warning] [Decorations] CAPPING events from decorations provider vscode.git 5775
[2022-08-04 18:35:57.430] [exthost] [warning] [Decorations] CAPPING events from decorations provider vscode.git 5775
[2022-08-04 18:36:16.257] [exthost] [warning] [Decorations] CAPPING events from decorations provider vscode.git 5775
[2022-08-04 18:36:46.735] [exthost] [warning] [Decorations] CAPPING events from decorations provider vscode.git 5775
[2022-08-04 18:37:08.747] [exthost] [warning] [Decorations] CAPPING events from decorations provider vscode.git 5775
[2022-08-04 18:37:38.800] [exthost] [warning] [Decorations] CAPPING events from decorations provider vscode.git 5775
[2022-08-04 18:38:00.294] [exthost] [warning] [Decorations] CAPPING events from decorations provider vscode.git 5775
[2022-08-04 18:38:30.785] [exthost] [warning] [Decorations] CAPPING events from decorations provider vscode.git 5775
[2022-08-04 18:38:51.930] [exthost] [warning] [Decorations] CAPPING events from decorations provider vscode.git 5775
[2022-08-04 18:39:24.179] [exthost] [warning] [Decorations] CAPPING events from decorations provider vscode.git 5775
[2022-08-04 18:39:42.213] [exthost] [warning] [Decorations] CAPPING events from decorations provider vscode.git 5775
[2022-08-04 18:40:13.696] [exthost] [warning] [Decorations] CAPPING events from decorations provider vscode.git 5775
[2022-08-04 18:40:33.915] [exthost] [warning] [Decorations] CAPPING events from decorations provider vscode.git 5775
[2022-08-04 18:41:03.915] [exthost] [warning] [Decorations] CAPPING events from decorations provider vscode.git 5775
[2022-08-04 18:41:26.494] [exthost] [warning] [Decorations] CAPPING events from decorations provider vscode.git 5775
[2022-08-04 18:41:56.746] [exthost] [warning] [Decorations] CAPPING events from decorations provider vscode.git 5775
[2022-08-04 18:42:16.759] [exthost] [warning] [Decorations] CAPPING events from decorations provider vscode.git 5775
[2022-08-04 18:42:48.015] [exthost] [warning] [Decorations] CAPPING events from decorations provider vscode.git 5775
[2022-08-04 18:43:08.170] [exthost] [warning] [Decorations] CAPPING events from decorations provider vscode.git 5775
[2022-08-04 18:43:39.206] [exthost] [warning] [Decorations] CAPPING events from decorations provider vscode.git 5775
[2022-08-04 18:44:00.404] [exthost] [warning] [Decorations] CAPPING events from decorations provider vscode.git 5775
[2022-08-04 18:44:30.465] [exthost] [warning] [Decorations] CAPPING events from decorations provider vscode.git 5775
[2022-08-04 18:44:52.816] [exthost] [warning] [Decorations] CAPPING events from decorations provider vscode.git 5775
[2022-08-04 18:45:22.289] [exthost] [warning] [Decorations] CAPPING events from decorations provider vscode.git 5775
[2022-08-04 18:45:44.071] [exthost] [warning] [Decorations] CAPPING events from decorations provider vscode.git 5775
[2022-08-04 18:46:15.310] [exthost] [warning] [Decorations] CAPPING events from decorations provider vscode.git 5775
[2022-08-04 18:46:36.320] [exthost] [warning] [Decorations] CAPPING events from decorations provider vscode.git 5775
[2022-08-04 18:46:57.875] [exthost] [warning] [Decorations] CAPPING events from decorations provider vscode.git 5775
[2022-08-04 18:47:27.492] [exthost] [warning] [Decorations] CAPPING events from decorations provider vscode.git 5775
[2022-08-04 18:47:52.917] [exthost] [warning] [Decorations] CAPPING events from decorations provider vscode.git 5775
[2022-08-04 18:48:14.739] [exthost] [warning] [Decorations] CAPPING events from decorations provider vscode.git 5775
[2022-08-04 18:48:46.486] [exthost] [warning] [Decorations] CAPPING events from decorations provider vscode.git 5775
[2022-08-04 18:49:04.487] [exthost] [warning] [Decorations] CAPPING events from decorations provider vscode.git 5775
[2022-08-04 18:49:35.251] [exthost] [warning] [Decorations] CAPPING events from decorations provider vscode.git 5775
[2022-08-04 18:50:00.646] [exthost] [warning] [Decorations] CAPPING events from decorations provider vscode.git 5775
[2022-08-04 18:50:24.404] [exthost] [info] Extension host terminating: received terminate message from renderer
[2022-08-04 18:50:24.406] [exthost] [info] Lock '/home/HarryHetheringtons/.vscode-server/data/User/workspaceStorage/edda16ee9bdee894fb1dcbdaee49a987/vscode.lock': Marking the lockfile as scheduled to be released in 6000 ms.
[2022-08-04 18:50:24.659] [exthost] [info] Extension host with pid 25359 exiting with code 0
