[2022-08-04T18:56:15.276Z] Log level: Info
[2022-08-04T18:56:15.283Z] [info] Validating found git in: git
[2022-08-04T18:56:15.324Z] [info] Using git 2.17.1 from git
[2022-08-04T18:56:15.384Z] > git rev-parse --show-toplevel [39ms]
[2022-08-04T18:56:15.401Z] > git rev-parse --git-dir --git-common-dir [3ms]
[2022-08-04T18:56:15.413Z] [info] Open repository: /home/HarryHetheringtons
[2022-08-04T18:56:15.509Z] > git status -z -uall [84ms]
[2022-08-04T18:56:15.540Z] > git symbolic-ref --short HEAD [24ms]
[2022-08-04T18:56:15.547Z] > git for-each-ref --format=%(refname)%00%(upstream:short)%00%(objectname)%00%(upstream:track)%00%(upstream:remotename)%00%(upstream:remoteref) refs/heads/master refs/remotes/master [2ms]
[2022-08-04T18:56:15.560Z] > git remote --verbose [3ms]
[2022-08-04T18:56:15.560Z] > git for-each-ref --sort -committerdate --format %(refname) %(objectname) %(*objectname) [7ms]
[2022-08-04T18:56:17.821Z] > git config --get commit.template [34ms]
[2022-08-04T18:56:17.945Z] > git status -z -uall [112ms]
[2022-08-04T18:56:17.957Z] > git symbolic-ref --short HEAD [4ms]
[2022-08-04T18:56:18.015Z] > git for-each-ref --format=%(refname)%00%(upstream:short)%00%(objectname)%00%(upstream:track)%00%(upstream:remotename)%00%(upstream:remoteref) refs/heads/master refs/remotes/master [49ms]
[2022-08-04T18:56:18.063Z] > git for-each-ref --sort -committerdate --format %(refname) %(objectname) %(*objectname) [14ms]
[2022-08-04T18:56:18.064Z] > git remote --verbose [3ms]
[2022-08-04T18:56:18.175Z] > git config --get commit.template [6ms]
[2022-08-04T18:56:21.358Z] > git check-ignore -v -z --stdin [65ms]
[2022-08-04T18:56:21.401Z] > git status -z -uall [95ms]
[2022-08-04T18:56:21.422Z] > git symbolic-ref --short HEAD [12ms]
[2022-08-04T18:56:21.435Z] > git for-each-ref --format=%(refname)%00%(upstream:short)%00%(objectname)%00%(upstream:track)%00%(upstream:remotename)%00%(upstream:remoteref) refs/heads/master refs/remotes/master [4ms]
[2022-08-04T18:56:21.457Z] > git remote --verbose [3ms]
[2022-08-04T18:56:21.457Z] > git for-each-ref --sort -committerdate --format %(refname) %(objectname) %(*objectname) [14ms]
[2022-08-04T18:56:24.476Z] > git config --get commit.template [2895ms]
[2022-08-04T18:56:25.060Z] > git check-ignore -v -z --stdin [7ms]
[2022-08-04T18:56:26.515Z] > git check-ignore -v -z --stdin [4ms]
[2022-08-04T18:56:27.200Z] > git check-ignore -v -z --stdin [3ms]
[2022-08-04T18:56:29.538Z] > git status -z -uall [49ms]
[2022-08-04T18:56:29.548Z] > git symbolic-ref --short HEAD [1ms]
[2022-08-04T18:56:29.557Z] > git for-each-ref --format=%(refname)%00%(upstream:short)%00%(objectname)%00%(upstream:track)%00%(upstream:remotename)%00%(upstream:remoteref) refs/heads/master refs/remotes/master [1ms]
[2022-08-04T18:56:29.573Z] > git remote --verbose [1ms]
[2022-08-04T18:56:29.574Z] > git for-each-ref --sort -committerdate --format %(refname) %(objectname) %(*objectname) [9ms]
[2022-08-04T18:56:29.673Z] > git config --get commit.template [1ms]
[2022-08-04T18:56:49.867Z] > git status -z -uall [58ms]
[2022-08-04T18:56:49.875Z] > git symbolic-ref --short HEAD [2ms]
[2022-08-04T18:56:49.882Z] > git for-each-ref --format=%(refname)%00%(upstream:short)%00%(objectname)%00%(upstream:track)%00%(upstream:remotename)%00%(upstream:remoteref) refs/heads/master refs/remotes/master [1ms]
[2022-08-04T18:56:49.895Z] > git remote --verbose [2ms]
[2022-08-04T18:56:49.895Z] > git for-each-ref --sort -committerdate --format %(refname) %(objectname) %(*objectname) [7ms]
[2022-08-04T18:56:50.017Z] > git config --get commit.template [4ms]
[2022-08-04T18:56:55.073Z] > git status -z -uall [44ms]
[2022-08-04T18:56:55.082Z] > git symbolic-ref --short HEAD [1ms]
[2022-08-04T18:56:55.090Z] > git for-each-ref --format=%(refname)%00%(upstream:short)%00%(objectname)%00%(upstream:track)%00%(upstream:remotename)%00%(upstream:remoteref) refs/heads/master refs/remotes/master [1ms]
[2022-08-04T18:56:55.105Z] > git remote --verbose [1ms]
[2022-08-04T18:56:55.105Z] > git for-each-ref --sort -committerdate --format %(refname) %(objectname) %(*objectname) [8ms]
[2022-08-04T18:56:55.200Z] > git config --get commit.template [1ms]
[2022-08-04T18:57:00.259Z] > git status -z -uall [47ms]
[2022-08-04T18:57:00.269Z] > git symbolic-ref --short HEAD [1ms]
[2022-08-04T18:57:00.279Z] > git for-each-ref --format=%(refname)%00%(upstream:short)%00%(objectname)%00%(upstream:track)%00%(upstream:remotename)%00%(upstream:remoteref) refs/heads/master refs/remotes/master [2ms]
[2022-08-04T18:57:00.296Z] > git remote --verbose [2ms]
[2022-08-04T18:57:00.296Z] > git for-each-ref --sort -committerdate --format %(refname) %(objectname) %(*objectname) [9ms]
[2022-08-04T18:57:00.393Z] > git config --get commit.template [3ms]
[2022-08-04T18:57:05.452Z] > git status -z -uall [46ms]
[2022-08-04T18:57:05.462Z] > git symbolic-ref --short HEAD [1ms]
[2022-08-04T18:57:05.472Z] > git for-each-ref --format=%(refname)%00%(upstream:short)%00%(objectname)%00%(upstream:track)%00%(upstream:remotename)%00%(upstream:remoteref) refs/heads/master refs/remotes/master [1ms]
[2022-08-04T18:57:05.489Z] > git remote --verbose [1ms]
[2022-08-04T18:57:05.489Z] > git for-each-ref --sort -committerdate --format %(refname) %(objectname) %(*objectname) [9ms]
[2022-08-04T18:57:05.586Z] > git config --get commit.template [1ms]
[2022-08-04T18:57:10.643Z] > git status -z -uall [45ms]
[2022-08-04T18:57:10.652Z] > git symbolic-ref --short HEAD [1ms]
[2022-08-04T18:57:10.662Z] > git for-each-ref --format=%(refname)%00%(upstream:short)%00%(objectname)%00%(upstream:track)%00%(upstream:remotename)%00%(upstream:remoteref) refs/heads/master refs/remotes/master [0ms]
[2022-08-04T18:57:10.678Z] > git remote --verbose [1ms]
[2022-08-04T18:57:10.679Z] > git for-each-ref --sort -committerdate --format %(refname) %(objectname) %(*objectname) [9ms]
[2022-08-04T18:57:10.790Z] > git config --get commit.template [3ms]
[2022-08-04T18:57:15.844Z] > git status -z -uall [43ms]
[2022-08-04T18:57:15.853Z] > git symbolic-ref --short HEAD [1ms]
[2022-08-04T18:57:15.863Z] > git for-each-ref --format=%(refname)%00%(upstream:short)%00%(objectname)%00%(upstream:track)%00%(upstream:remotename)%00%(upstream:remoteref) refs/heads/master refs/remotes/master [1ms]
[2022-08-04T18:57:15.879Z] > git remote --verbose [1ms]
[2022-08-04T18:57:15.879Z] > git for-each-ref --sort -committerdate --format %(refname) %(objectname) %(*objectname) [8ms]
[2022-08-04T18:57:15.976Z] > git config --get commit.template [2ms]
[2022-08-04T18:57:21.031Z] > git status -z -uall [43ms]
[2022-08-04T18:57:21.041Z] > git symbolic-ref --short HEAD [2ms]
[2022-08-04T18:57:21.050Z] > git for-each-ref --format=%(refname)%00%(upstream:short)%00%(objectname)%00%(upstream:track)%00%(upstream:remotename)%00%(upstream:remoteref) refs/heads/master refs/remotes/master [1ms]
[2022-08-04T18:57:21.066Z] > git remote --verbose [2ms]
[2022-08-04T18:57:21.066Z] > git for-each-ref --sort -committerdate --format %(refname) %(objectname) %(*objectname) [9ms]
[2022-08-04T18:57:21.169Z] > git config --get commit.template [2ms]
[2022-08-04T18:57:26.227Z] > git status -z -uall [46ms]
[2022-08-04T18:57:26.237Z] > git symbolic-ref --short HEAD [1ms]
[2022-08-04T18:57:26.246Z] > git for-each-ref --format=%(refname)%00%(upstream:short)%00%(objectname)%00%(upstream:track)%00%(upstream:remotename)%00%(upstream:remoteref) refs/heads/master refs/remotes/master [1ms]
[2022-08-04T18:57:26.264Z] > git remote --verbose [1ms]
[2022-08-04T18:57:26.264Z] > git for-each-ref --sort -committerdate --format %(refname) %(objectname) %(*objectname) [9ms]
[2022-08-04T18:57:26.362Z] > git config --get commit.template [1ms]
[2022-08-04T18:57:33.808Z] > git status -z -uall [991ms]
[2022-08-04T18:57:33.821Z] > git symbolic-ref --short HEAD [4ms]
[2022-08-04T18:57:34.058Z] > git for-each-ref --format=%(refname)%00%(upstream:short)%00%(objectname)%00%(upstream:track)%00%(upstream:remotename)%00%(upstream:remoteref) refs/heads/master refs/remotes/master [7ms]
[2022-08-04T18:57:34.076Z] > git for-each-ref --sort -committerdate --format %(refname) %(objectname) %(*objectname) [9ms]
[2022-08-04T18:57:34.076Z] > git remote --verbose [2ms]
[2022-08-04T18:57:58.815Z] > git config --get commit.template [17ms]
[2022-08-04T18:58:04.705Z] > git status -z -uall [43ms]
[2022-08-04T18:58:04.716Z] > git symbolic-ref --short HEAD [1ms]
[2022-08-04T18:58:04.726Z] > git for-each-ref --format=%(refname)%00%(upstream:short)%00%(objectname)%00%(upstream:track)%00%(upstream:remotename)%00%(upstream:remoteref) refs/heads/master refs/remotes/master [1ms]
[2022-08-04T18:58:04.746Z] > git remote --verbose [1ms]
[2022-08-04T18:58:04.747Z] > git for-each-ref --sort -committerdate --format %(refname) %(objectname) %(*objectname) [11ms]
[2022-08-04T18:58:04.849Z] > git config --get commit.template [1ms]
[2022-08-04T18:58:24.029Z] > git status -z -uall [756ms]
[2022-08-04T18:58:24.041Z] > git symbolic-ref --short HEAD [4ms]
[2022-08-04T18:58:24.275Z] > git for-each-ref --format=%(refname)%00%(upstream:short)%00%(objectname)%00%(upstream:track)%00%(upstream:remotename)%00%(upstream:remoteref) refs/heads/master refs/remotes/master [224ms]
[2022-08-04T18:58:24.295Z] > git for-each-ref --sort -committerdate --format %(refname) %(objectname) %(*objectname) [10ms]
[2022-08-04T18:58:24.296Z] > git remote --verbose [3ms]
[2022-08-04T18:58:49.029Z] > git config --get commit.template [246ms]
[2022-08-04T18:58:55.917Z] > git status -z -uall [43ms]
[2022-08-04T18:58:55.927Z] > git symbolic-ref --short HEAD [1ms]
[2022-08-04T18:58:55.938Z] > git for-each-ref --format=%(refname)%00%(upstream:short)%00%(objectname)%00%(upstream:track)%00%(upstream:remotename)%00%(upstream:remoteref) refs/heads/master refs/remotes/master [1ms]
[2022-08-04T18:58:55.957Z] > git remote --verbose [1ms]
[2022-08-04T18:58:55.958Z] > git for-each-ref --sort -committerdate --format %(refname) %(objectname) %(*objectname) [11ms]
[2022-08-04T18:58:56.059Z] > git config --get commit.template [0ms]
[2022-08-04T18:59:15.310Z] > git status -z -uall [527ms]
[2022-08-04T18:59:15.796Z] > git symbolic-ref --short HEAD [5ms]
[2022-08-04T18:59:16.033Z] > git for-each-ref --format=%(refname)%00%(upstream:short)%00%(objectname)%00%(upstream:track)%00%(upstream:remotename)%00%(upstream:remoteref) refs/heads/master refs/remotes/master [227ms]
[2022-08-04T18:59:16.050Z] > git for-each-ref --sort -committerdate --format %(refname) %(objectname) %(*objectname) [8ms]
[2022-08-04T18:59:16.053Z] > git remote --verbose [5ms]
[2022-08-04T18:59:41.038Z] > git config --get commit.template [249ms]
[2022-08-04T18:59:49.710Z] > git status -z -uall [48ms]
[2022-08-04T18:59:49.724Z] > git symbolic-ref --short HEAD [1ms]
[2022-08-04T18:59:49.737Z] > git for-each-ref --format=%(refname)%00%(upstream:short)%00%(objectname)%00%(upstream:track)%00%(upstream:remotename)%00%(upstream:remoteref) refs/heads/master refs/remotes/master [1ms]
[2022-08-04T18:59:49.763Z] > git remote --verbose [2ms]
[2022-08-04T18:59:49.763Z] > git for-each-ref --sort -committerdate --format %(refname) %(objectname) %(*objectname) [14ms]
[2022-08-04T18:59:49.884Z] > git config --get commit.template [3ms]
[2022-08-04T19:00:11.525Z] > git status -z -uall [775ms]
[2022-08-04T19:00:11.758Z] > git symbolic-ref --short HEAD [4ms]
[2022-08-04T19:00:12.005Z] > git for-each-ref --format=%(refname)%00%(upstream:short)%00%(objectname)%00%(upstream:track)%00%(upstream:remotename)%00%(upstream:remoteref) refs/heads/master refs/remotes/master [236ms]
[2022-08-04T19:00:12.266Z] > git for-each-ref --sort -committerdate --format %(refname) %(objectname) %(*objectname) [11ms]
[2022-08-04T19:00:12.269Z] > git remote --verbose [5ms]
[2022-08-04T19:00:37.010Z] > git config --get commit.template [245ms]
[2022-08-04T19:00:41.606Z] > git -c user.useConfigOnly=true commit --quiet [297ms]
[2022-08-04T19:00:41.606Z] 
*** Please tell me who you are.

Run

  git config --global user.email "you@example.com"
  git config --global user.name "Your Name"

to set your account's default identity.
Omit --global to set the identity only in this repository.

fatal: no email was given and auto-detection is disabled
[2022-08-04T19:00:41.618Z] > git config --get-all user.name [1ms]
[2022-08-04T19:00:42.349Z] > git status -z -uall [44ms]
[2022-08-04T19:00:42.360Z] > git symbolic-ref --short HEAD [0ms]
[2022-08-04T19:00:42.371Z] > git for-each-ref --format=%(refname)%00%(upstream:short)%00%(objectname)%00%(upstream:track)%00%(upstream:remotename)%00%(upstream:remoteref) refs/heads/master refs/remotes/master [2ms]
[2022-08-04T19:00:42.391Z] > git for-each-ref --sort -committerdate --format %(refname) %(objectname) %(*objectname) [10ms]
[2022-08-04T19:00:42.391Z] > git remote --verbose [2ms]
[2022-08-04T19:00:42.489Z] > git config --get commit.template [4ms]
[2022-08-04T19:01:09.140Z] > git show --textconv HEAD:.vscode-server/data/logs/20220804T185557/exthost2/output_logging_20220804T185614/1-Git.log [27ms]
[2022-08-04T19:01:09.142Z] > git ls-tree -l HEAD -- /home/HarryHetheringtons/.vscode-server/data/logs/20220804T185557/exthost2/output_logging_20220804T185614/1-Git.log [17ms]
[2022-08-04T19:01:09.142Z] fatal: Not a valid object name HEAD
[2022-08-04T19:01:09.183Z] > git status -z -uall [46ms]
[2022-08-04T19:01:09.196Z] > git symbolic-ref --short HEAD [1ms]
[2022-08-04T19:01:09.205Z] > git for-each-ref --format=%(refname)%00%(upstream:short)%00%(objectname)%00%(upstream:track)%00%(upstream:remotename)%00%(upstream:remoteref) refs/heads/master refs/remotes/master [0ms]
[2022-08-04T19:01:09.223Z] > git remote --verbose [1ms]
[2022-08-04T19:01:09.223Z] > git for-each-ref --sort -committerdate --format %(refname) %(objectname) %(*objectname) [10ms]
[2022-08-04T19:01:09.335Z] > git config --get commit.template [3ms]
[2022-08-04T19:01:34.088Z] > git check-ignore -v -z --stdin [247ms]
[2022-08-04T19:01:34.841Z] > git status -z -uall [988ms]
[2022-08-04T19:01:34.858Z] > git symbolic-ref --short HEAD [7ms]
[2022-08-04T19:01:35.100Z] > git for-each-ref --format=%(refname)%00%(upstream:short)%00%(objectname)%00%(upstream:track)%00%(upstream:remotename)%00%(upstream:remoteref) refs/heads/master refs/remotes/master [4ms]
[2022-08-04T19:01:35.345Z] > git for-each-ref --sort -committerdate --format %(refname) %(objectname) %(*objectname) [232ms]
[2022-08-04T19:01:35.363Z] > git remote --verbose [21ms]
[2022-08-04T19:02:00.610Z] > git config --get commit.template [21ms]
[2022-08-04T19:02:06.749Z] > git status -z -uall [51ms]
[2022-08-04T19:02:06.760Z] > git symbolic-ref --short HEAD [1ms]
[2022-08-04T19:02:06.771Z] > git for-each-ref --format=%(refname)%00%(upstream:short)%00%(objectname)%00%(upstream:track)%00%(upstream:remotename)%00%(upstream:remoteref) refs/heads/master refs/remotes/master [2ms]
[2022-08-04T19:02:06.791Z] > git remote --verbose [2ms]
[2022-08-04T19:02:06.791Z] > git for-each-ref --sort -committerdate --format %(refname) %(objectname) %(*objectname) [11ms]
[2022-08-04T19:02:06.891Z] > git config --get commit.template [2ms]
[2022-08-04T19:02:28.200Z] > git status -z -uall [738ms]
[2022-08-04T19:02:28.438Z] > git symbolic-ref --short HEAD [227ms]
[2022-08-04T19:02:28.689Z] > git for-each-ref --format=%(refname)%00%(upstream:short)%00%(objectname)%00%(upstream:track)%00%(upstream:remotename)%00%(upstream:remoteref) refs/heads/master refs/remotes/master [230ms]
[2022-08-04T19:02:28.934Z] > git remote --verbose [222ms]
[2022-08-04T19:02:28.935Z] > git for-each-ref --sort -committerdate --format %(refname) %(objectname) %(*objectname) [234ms]
[2022-08-04T19:02:56.202Z] > git config --get commit.template [257ms]
[2022-08-04T19:03:38.563Z] > git status -z -uall [53ms]
[2022-08-04T19:03:38.576Z] > git symbolic-ref --short HEAD [1ms]
[2022-08-04T19:03:38.590Z] > git for-each-ref --format=%(refname)%00%(upstream:short)%00%(objectname)%00%(upstream:track)%00%(upstream:remotename)%00%(upstream:remoteref) refs/heads/master refs/remotes/master [1ms]
[2022-08-04T19:03:38.615Z] > git remote --verbose [2ms]
[2022-08-04T19:03:38.615Z] > git for-each-ref --sort -committerdate --format %(refname) %(objectname) %(*objectname) [14ms]
[2022-08-04T19:03:38.736Z] > git config --get commit.template [7ms]
[2022-08-04T19:03:43.493Z] > git check-ignore -v -z --stdin [4ms]
[2022-08-04T19:03:43.795Z] > git status -z -uall [46ms]
[2022-08-04T19:03:43.805Z] > git symbolic-ref --short HEAD [1ms]
[2022-08-04T19:03:43.814Z] > git for-each-ref --format=%(refname)%00%(upstream:short)%00%(objectname)%00%(upstream:track)%00%(upstream:remotename)%00%(upstream:remoteref) refs/heads/master refs/remotes/master [1ms]
[2022-08-04T19:03:43.831Z] > git remote --verbose [1ms]
[2022-08-04T19:03:43.832Z] > git for-each-ref --sort -committerdate --format %(refname) %(objectname) %(*objectname) [10ms]
[2022-08-04T19:03:43.932Z] > git config --get commit.template [1ms]
[2022-08-04T19:03:49.000Z] > git status -z -uall [59ms]
[2022-08-04T19:03:49.010Z] > git symbolic-ref --short HEAD [1ms]
[2022-08-04T19:03:49.019Z] > git for-each-ref --format=%(refname)%00%(upstream:short)%00%(objectname)%00%(upstream:track)%00%(upstream:remotename)%00%(upstream:remoteref) refs/heads/master refs/remotes/master [0ms]
[2022-08-04T19:03:49.037Z] > git remote --verbose [1ms]
[2022-08-04T19:03:49.037Z] > git for-each-ref --sort -committerdate --format %(refname) %(objectname) %(*objectname) [9ms]
[2022-08-04T19:03:49.153Z] > git config --get commit.template [2ms]
[2022-08-04T19:03:54.220Z] > git status -z -uall [50ms]
[2022-08-04T19:03:54.234Z] > git symbolic-ref --short HEAD [3ms]
[2022-08-04T19:03:54.246Z] > git for-each-ref --format=%(refname)%00%(upstream:short)%00%(objectname)%00%(upstream:track)%00%(upstream:remotename)%00%(upstream:remoteref) refs/heads/master refs/remotes/master [1ms]
[2022-08-04T19:03:54.271Z] > git remote --verbose [2ms]
[2022-08-04T19:03:54.272Z] > git for-each-ref --sort -committerdate --format %(refname) %(objectname) %(*objectname) [15ms]
[2022-08-04T19:03:54.389Z] > git config --get commit.template [2ms]
[2022-08-04T19:04:11.496Z] > git status -z -uall [1226ms]
[2022-08-04T19:04:11.510Z] > git symbolic-ref --short HEAD [5ms]
[2022-08-04T19:04:11.744Z] > git for-each-ref --format=%(refname)%00%(upstream:short)%00%(objectname)%00%(upstream:track)%00%(upstream:remotename)%00%(upstream:remoteref) refs/heads/master refs/remotes/master [224ms]
[2022-08-04T19:04:11.766Z] > git remote --verbose [5ms]
[2022-08-04T19:04:11.766Z] > git for-each-ref --sort -committerdate --format %(refname) %(objectname) %(*objectname) [13ms]
[2022-08-04T19:04:37.020Z] > git config --get commit.template [252ms]
[2022-08-04T19:05:02.881Z] > git status -z -uall [49ms]
[2022-08-04T19:05:02.892Z] > git symbolic-ref --short HEAD [1ms]
[2022-08-04T19:05:02.903Z] > git for-each-ref --format=%(refname)%00%(upstream:short)%00%(objectname)%00%(upstream:track)%00%(upstream:remotename)%00%(upstream:remoteref) refs/heads/master refs/remotes/master [2ms]
[2022-08-04T19:05:02.925Z] > git remote --verbose [4ms]
[2022-08-04T19:05:02.926Z] > git for-each-ref --sort -committerdate --format %(refname) %(objectname) %(*objectname) [13ms]
[2022-08-04T19:05:03.039Z] > git config --get commit.template [2ms]
[2022-08-04T19:05:06.967Z] > git check-ignore -v -z --stdin [8ms]
[2022-08-04T19:05:08.094Z] > git status -z -uall [42ms]
[2022-08-04T19:05:08.104Z] > git symbolic-ref --short HEAD [1ms]
[2022-08-04T19:05:08.114Z] > git for-each-ref --format=%(refname)%00%(upstream:short)%00%(objectname)%00%(upstream:track)%00%(upstream:remotename)%00%(upstream:remoteref) refs/heads/master refs/remotes/master [1ms]
[2022-08-04T19:05:08.131Z] > git remote --verbose [2ms]
[2022-08-04T19:05:08.131Z] > git for-each-ref --sort -committerdate --format %(refname) %(objectname) %(*objectname) [10ms]
[2022-08-04T19:05:08.226Z] > git config --get commit.template [1ms]
[2022-08-04T19:05:25.620Z] > git status -z -uall [50ms]
[2022-08-04T19:05:25.630Z] > git symbolic-ref --short HEAD [0ms]
[2022-08-04T19:05:25.640Z] > git for-each-ref --format=%(refname)%00%(upstream:short)%00%(objectname)%00%(upstream:track)%00%(upstream:remotename)%00%(upstream:remoteref) refs/heads/master refs/remotes/master [1ms]
[2022-08-04T19:05:25.658Z] > git remote --verbose [1ms]
[2022-08-04T19:05:25.659Z] > git for-each-ref --sort -committerdate --format %(refname) %(objectname) %(*objectname) [10ms]
[2022-08-04T19:05:25.767Z] > git config --get commit.template [4ms]
[2022-08-04T19:05:30.823Z] > git status -z -uall [42ms]
[2022-08-04T19:05:30.833Z] > git symbolic-ref --short HEAD [1ms]
[2022-08-04T19:05:30.843Z] > git for-each-ref --format=%(refname)%00%(upstream:short)%00%(objectname)%00%(upstream:track)%00%(upstream:remotename)%00%(upstream:remoteref) refs/heads/master refs/remotes/master [1ms]
[2022-08-04T19:05:30.893Z] > git remote --verbose [2ms]
[2022-08-04T19:05:30.893Z] > git for-each-ref --sort -committerdate --format %(refname) %(objectname) %(*objectname) [10ms]
[2022-08-04T19:05:55.904Z] > git config --get commit.template [10ms]
[2022-08-04T19:06:00.968Z] > git status -z -uall [50ms]
[2022-08-04T19:06:00.983Z] > git symbolic-ref --short HEAD [2ms]
[2022-08-04T19:06:00.993Z] > git for-each-ref --format=%(refname)%00%(upstream:short)%00%(objectname)%00%(upstream:track)%00%(upstream:remotename)%00%(upstream:remoteref) refs/heads/master refs/remotes/master [1ms]
[2022-08-04T19:06:01.011Z] > git for-each-ref --sort -committerdate --format %(refname) %(objectname) %(*objectname) [10ms]
[2022-08-04T19:06:01.011Z] > git remote --verbose [2ms]
[2022-08-04T19:06:01.106Z] > git config --get commit.template [3ms]
[2022-08-04T19:06:21.374Z] > git status -z -uall [995ms]
[2022-08-04T19:06:21.633Z] > git symbolic-ref --short HEAD [232ms]
[2022-08-04T19:06:21.646Z] > git for-each-ref --format=%(refname)%00%(upstream:short)%00%(objectname)%00%(upstream:track)%00%(upstream:remotename)%00%(upstream:remoteref) refs/heads/master refs/remotes/master [2ms]
[2022-08-04T19:06:21.886Z] > git for-each-ref --sort -committerdate --format %(refname) %(objectname) %(*objectname) [10ms]
[2022-08-04T19:06:21.900Z] > git remote --verbose [17ms]
[2022-08-04T19:06:47.138Z] > git config --get commit.template [12ms]
[2022-08-04T19:06:53.287Z] > git status -z -uall [43ms]
[2022-08-04T19:06:53.299Z] > git symbolic-ref --short HEAD [2ms]
[2022-08-04T19:06:53.310Z] > git for-each-ref --format=%(refname)%00%(upstream:short)%00%(objectname)%00%(upstream:track)%00%(upstream:remotename)%00%(upstream:remoteref) refs/heads/master refs/remotes/master [1ms]
[2022-08-04T19:06:53.333Z] > git for-each-ref --sort -committerdate --format %(refname) %(objectname) %(*objectname) [14ms]
[2022-08-04T19:06:53.334Z] > git remote --verbose [6ms]
[2022-08-04T19:06:53.428Z] > git config --get commit.template [1ms]
[2022-08-04T19:07:13.240Z] > git status -z -uall [732ms]
[2022-08-04T19:07:13.497Z] > git symbolic-ref --short HEAD [248ms]
[2022-08-04T19:07:13.998Z] > git for-each-ref --format=%(refname)%00%(upstream:short)%00%(objectname)%00%(upstream:track)%00%(upstream:remotename)%00%(upstream:remoteref) refs/heads/master refs/remotes/master [257ms]
[2022-08-04T19:07:14.246Z] > git remote --verbose [231ms]
[2022-08-04T19:07:14.247Z] > git for-each-ref --sort -committerdate --format %(refname) %(objectname) %(*objectname) [241ms]
[2022-08-04T19:07:14.994Z] > git -c user.useConfigOnly=true commit --quiet --allow-empty-message --file - [1498ms]
[2022-08-04T19:07:39.987Z] > git config --get commit.template [475ms]
[2022-08-04T19:07:40.507Z] > git status -z -uall [506ms]
[2022-08-04T19:07:40.756Z] > git symbolic-ref --short HEAD [16ms]
[2022-08-04T19:07:41.010Z] > git for-each-ref --format=%(refname)%00%(upstream:short)%00%(objectname)%00%(upstream:track)%00%(upstream:remotename)%00%(upstream:remoteref) refs/heads/master refs/remotes/master [16ms]
[2022-08-04T19:07:41.266Z] > git remote --verbose [5ms]
[2022-08-04T19:07:41.486Z] > git for-each-ref --sort -committerdate --format %(refname) %(objectname) %(*objectname) [237ms]
[2022-08-04T19:07:42.746Z] > git config --get commit.template [5ms]
[2022-08-04T19:07:43.007Z] > git config --get commit.template [14ms]
[2022-08-04T19:07:50.632Z] > git status -z -uall [39ms]
[2022-08-04T19:07:50.646Z] > git symbolic-ref --short HEAD [4ms]
[2022-08-04T19:07:50.657Z] > git for-each-ref --format=%(refname)%00%(upstream:short)%00%(objectname)%00%(upstream:track)%00%(upstream:remotename)%00%(upstream:remoteref) refs/heads/master refs/remotes/master [1ms]
[2022-08-04T19:07:50.677Z] > git remote --verbose [1ms]
[2022-08-04T19:07:50.678Z] > git for-each-ref --sort -committerdate --format %(refname) %(objectname) %(*objectname) [11ms]
[2022-08-04T19:07:50.689Z] > git config --get commit.template [0ms]
[2022-08-04T19:07:55.750Z] > git status -z -uall [45ms]
[2022-08-04T19:07:55.764Z] > git symbolic-ref --short HEAD [1ms]
[2022-08-04T19:07:55.779Z] > git for-each-ref --format=%(refname)%00%(upstream:short)%00%(objectname)%00%(upstream:track)%00%(upstream:remotename)%00%(upstream:remoteref) refs/heads/master refs/remotes/master [2ms]
[2022-08-04T19:07:55.807Z] > git remote --verbose [2ms]
[2022-08-04T19:07:55.808Z] > git for-each-ref --sort -committerdate --format %(refname) %(objectname) %(*objectname) [15ms]
[2022-08-04T19:07:55.823Z] > git config --get commit.template [2ms]
[2022-08-04T19:08:00.882Z] > git status -z -uall [45ms]
[2022-08-04T19:08:00.897Z] > git symbolic-ref --short HEAD [1ms]
[2022-08-04T19:08:00.911Z] > git for-each-ref --format=%(refname)%00%(upstream:short)%00%(objectname)%00%(upstream:track)%00%(upstream:remotename)%00%(upstream:remoteref) refs/heads/master refs/remotes/master [1ms]
[2022-08-04T19:08:00.935Z] > git remote --verbose [2ms]
[2022-08-04T19:08:00.936Z] > git for-each-ref --sort -committerdate --format %(refname) %(objectname) %(*objectname) [13ms]
[2022-08-04T19:08:00.952Z] > git config --get commit.template [1ms]
[2022-08-04T19:08:09.800Z] > git status -z -uall [38ms]
[2022-08-04T19:08:09.811Z] > git symbolic-ref --short HEAD [1ms]
[2022-08-04T19:08:09.822Z] > git for-each-ref --format=%(refname)%00%(upstream:short)%00%(objectname)%00%(upstream:track)%00%(upstream:remotename)%00%(upstream:remoteref) refs/heads/master refs/remotes/master [1ms]
[2022-08-04T19:08:09.841Z] > git remote --verbose [1ms]
[2022-08-04T19:08:09.841Z] > git for-each-ref --sort -committerdate --format %(refname) %(objectname) %(*objectname) [10ms]
[2022-08-04T19:08:09.854Z] > git config --get commit.template [2ms]
[2022-08-04T19:08:24.489Z] > git status -z -uall [43ms]
[2022-08-04T19:08:24.498Z] > git symbolic-ref --short HEAD [1ms]
[2022-08-04T19:08:24.507Z] > git for-each-ref --format=%(refname)%00%(upstream:short)%00%(objectname)%00%(upstream:track)%00%(upstream:remotename)%00%(upstream:remoteref) refs/heads/master refs/remotes/master [1ms]
[2022-08-04T19:08:24.521Z] > git remote --verbose [2ms]
[2022-08-04T19:08:24.521Z] > git for-each-ref --sort -committerdate --format %(refname) %(objectname) %(*objectname) [8ms]
[2022-08-04T19:08:24.531Z] > git config --get commit.template [2ms]
[2022-08-04T19:08:29.585Z] > git status -z -uall [42ms]
[2022-08-04T19:08:29.594Z] > git symbolic-ref --short HEAD [1ms]
[2022-08-04T19:08:29.603Z] > git for-each-ref --format=%(refname)%00%(upstream:short)%00%(objectname)%00%(upstream:track)%00%(upstream:remotename)%00%(upstream:remoteref) refs/heads/master refs/remotes/master [2ms]
[2022-08-04T19:08:29.618Z] > git remote --verbose [2ms]
[2022-08-04T19:08:29.619Z] > git for-each-ref --sort -committerdate --format %(refname) %(objectname) %(*objectname) [10ms]
[2022-08-04T19:08:29.629Z] > git config --get commit.template [1ms]
[2022-08-04T19:08:32.869Z] > git remote add https-//github.com/Harryraife/AcademyQAProject https://github.com/Harryraife/AcademyQAProject [1ms]
[2022-08-04T19:08:32.869Z] fatal: 'https-//github.com/Harryraife/AcademyQAProject' is not a valid remote name
[2022-08-04T19:08:41.980Z] > git status -z -uall [42ms]
[2022-08-04T19:08:41.987Z] > git symbolic-ref --short HEAD [3ms]
[2022-08-04T19:08:41.994Z] > git for-each-ref --format=%(refname)%00%(upstream:short)%00%(objectname)%00%(upstream:track)%00%(upstream:remotename)%00%(upstream:remoteref) refs/heads/master refs/remotes/master [1ms]
[2022-08-04T19:08:42.007Z] > git remote --verbose [2ms]
[2022-08-04T19:08:42.007Z] > git for-each-ref --sort -committerdate --format %(refname) %(objectname) %(*objectname) [7ms]
[2022-08-04T19:08:42.016Z] > git config --get commit.template [1ms]
[2022-08-04T19:08:47.062Z] > git status -z -uall [36ms]
[2022-08-04T19:08:47.069Z] > git symbolic-ref --short HEAD [3ms]
[2022-08-04T19:08:47.075Z] > git for-each-ref --format=%(refname)%00%(upstream:short)%00%(objectname)%00%(upstream:track)%00%(upstream:remotename)%00%(upstream:remoteref) refs/heads/master refs/remotes/master [2ms]
[2022-08-04T19:08:47.085Z] > git for-each-ref --sort -committerdate --format %(refname) %(objectname) %(*objectname) [5ms]
[2022-08-04T19:08:47.086Z] > git remote --verbose [2ms]
[2022-08-04T19:08:47.094Z] > git config --get commit.template [1ms]
[2022-08-04T19:08:52.139Z] > git status -z -uall [38ms]
[2022-08-04T19:08:52.146Z] > git symbolic-ref --short HEAD [1ms]
[2022-08-04T19:08:52.153Z] > git for-each-ref --format=%(refname)%00%(upstream:short)%00%(objectname)%00%(upstream:track)%00%(upstream:remotename)%00%(upstream:remoteref) refs/heads/master refs/remotes/master [1ms]
[2022-08-04T19:08:52.164Z] > git remote --verbose [1ms]
[2022-08-04T19:08:52.164Z] > git for-each-ref --sort -committerdate --format %(refname) %(objectname) %(*objectname) [7ms]
[2022-08-04T19:08:52.173Z] > git config --get commit.template [1ms]
[2022-08-04T19:08:57.219Z] > git status -z -uall [38ms]
[2022-08-04T19:08:57.229Z] > git symbolic-ref --short HEAD [5ms]
[2022-08-04T19:08:57.237Z] > git for-each-ref --format=%(refname)%00%(upstream:short)%00%(objectname)%00%(upstream:track)%00%(upstream:remotename)%00%(upstream:remoteref) refs/heads/master refs/remotes/master [1ms]
[2022-08-04T19:08:57.250Z] > git remote --verbose [1ms]
[2022-08-04T19:08:57.251Z] > git for-each-ref --sort -committerdate --format %(refname) %(objectname) %(*objectname) [7ms]
[2022-08-04T19:08:57.258Z] > git config --get commit.template [1ms]
[2022-08-04T19:09:02.310Z] > git status -z -uall [40ms]
[2022-08-04T19:09:02.319Z] > git symbolic-ref --short HEAD [1ms]
[2022-08-04T19:09:02.328Z] > git for-each-ref --format=%(refname)%00%(upstream:short)%00%(objectname)%00%(upstream:track)%00%(upstream:remotename)%00%(upstream:remoteref) refs/heads/master refs/remotes/master [1ms]
[2022-08-04T19:09:02.343Z] > git remote --verbose [2ms]
[2022-08-04T19:09:02.343Z] > git for-each-ref --sort -committerdate --format %(refname) %(objectname) %(*objectname) [8ms]
[2022-08-04T19:09:02.353Z] > git config --get commit.template [1ms]
[2022-08-04T19:09:07.406Z] > git status -z -uall [41ms]
[2022-08-04T19:09:07.414Z] > git symbolic-ref --short HEAD [1ms]
[2022-08-04T19:09:07.422Z] > git for-each-ref --format=%(refname)%00%(upstream:short)%00%(objectname)%00%(upstream:track)%00%(upstream:remotename)%00%(upstream:remoteref) refs/heads/master refs/remotes/master [1ms]
[2022-08-04T19:09:07.436Z] > git remote --verbose [1ms]
[2022-08-04T19:09:07.437Z] > git for-each-ref --sort -committerdate --format %(refname) %(objectname) %(*objectname) [8ms]
[2022-08-04T19:09:07.446Z] > git config --get commit.template [1ms]
[2022-08-04T19:09:10.988Z] > git remote add Demo-Remote https://github.com/Harryraife/AcademyQAProject [3ms]
[2022-08-04T19:09:11.044Z] > git status -z -uall [46ms]
[2022-08-04T19:09:11.053Z] > git symbolic-ref --short HEAD [1ms]
[2022-08-04T19:09:11.062Z] > git for-each-ref --format=%(refname)%00%(upstream:short)%00%(objectname)%00%(upstream:track)%00%(upstream:remotename)%00%(upstream:remoteref) refs/heads/master refs/remotes/master [1ms]
[2022-08-04T19:09:11.078Z] > git remote --verbose [2ms]
[2022-08-04T19:09:11.080Z] > git for-each-ref --sort -committerdate --format %(refname) %(objectname) %(*objectname) [10ms]
[2022-08-04T19:09:11.091Z] > git config --get commit.template [3ms]
[2022-08-04T19:09:11.709Z] > git fetch Demo-Remote [609ms]
[2022-08-04T19:09:11.709Z] warning: no common commits
From https://github.com/Harryraife/AcademyQAProject
 * [new branch]      main       -> Demo-Remote/main
[2022-08-04T19:09:11.757Z] > git status -z -uall [43ms]
[2022-08-04T19:09:11.764Z] > git symbolic-ref --short HEAD [1ms]
[2022-08-04T19:09:11.771Z] > git for-each-ref --format=%(refname)%00%(upstream:short)%00%(objectname)%00%(upstream:track)%00%(upstream:remotename)%00%(upstream:remoteref) refs/heads/master refs/remotes/master [2ms]
[2022-08-04T19:09:11.784Z] > git remote --verbose [1ms]
[2022-08-04T19:09:11.785Z] > git for-each-ref --sort -committerdate --format %(refname) %(objectname) %(*objectname) [7ms]
[2022-08-04T19:09:11.793Z] > git config --get commit.template [1ms]
[2022-08-04T19:09:12.491Z] > git status -z -uall [38ms]
[2022-08-04T19:09:12.498Z] > git symbolic-ref --short HEAD [1ms]
[2022-08-04T19:09:12.505Z] > git for-each-ref --format=%(refname)%00%(upstream:short)%00%(objectname)%00%(upstream:track)%00%(upstream:remotename)%00%(upstream:remoteref) refs/heads/master refs/remotes/master [1ms]
[2022-08-04T19:09:12.518Z] > git for-each-ref --sort -committerdate --format %(refname) %(objectname) %(*objectname) [7ms]
[2022-08-04T19:09:12.519Z] > git remote --verbose [4ms]
[2022-08-04T19:09:12.526Z] > git config --get commit.template [1ms]
[2022-08-04T19:09:17.579Z] > git status -z -uall [41ms]
[2022-08-04T19:09:17.588Z] > git symbolic-ref --short HEAD [1ms]
[2022-08-04T19:09:17.598Z] > git for-each-ref --format=%(refname)%00%(upstream:short)%00%(objectname)%00%(upstream:track)%00%(upstream:remotename)%00%(upstream:remoteref) refs/heads/master refs/remotes/master [1ms]
[2022-08-04T19:09:17.615Z] > git remote --verbose [3ms]
[2022-08-04T19:09:17.616Z] > git for-each-ref --sort -committerdate --format %(refname) %(objectname) %(*objectname) [10ms]
[2022-08-04T19:09:17.625Z] > git config --get commit.template [0ms]
[2022-08-04T19:09:22.674Z] > git status -z -uall [41ms]
[2022-08-04T19:09:22.689Z] > git symbolic-ref --short HEAD [10ms]
[2022-08-04T19:09:22.699Z] > git for-each-ref --format=%(refname)%00%(upstream:short)%00%(objectname)%00%(upstream:track)%00%(upstream:remotename)%00%(upstream:remoteref) refs/heads/master refs/remotes/master [2ms]
[2022-08-04T19:09:22.712Z] > git remote --verbose [2ms]
[2022-08-04T19:09:22.712Z] > git for-each-ref --sort -committerdate --format %(refname) %(objectname) %(*objectname) [7ms]
[2022-08-04T19:09:22.720Z] > git config --get commit.template [1ms]
[2022-08-04T19:09:27.577Z] > git fetch [18ms]
[2022-08-04T19:09:27.688Z] > git status -z -uall [103ms]
[2022-08-04T19:09:27.719Z] > git symbolic-ref --short HEAD [25ms]
[2022-08-04T19:09:27.729Z] > git for-each-ref --format=%(refname)%00%(upstream:short)%00%(objectname)%00%(upstream:track)%00%(upstream:remotename)%00%(upstream:remoteref) refs/heads/master refs/remotes/master [3ms]
[2022-08-04T19:09:27.743Z] > git for-each-ref --sort -committerdate --format %(refname) %(objectname) %(*objectname) [7ms]
[2022-08-04T19:09:27.749Z] > git remote --verbose [8ms]
[2022-08-04T19:09:27.757Z] > git config --get commit.template [1ms]
[2022-08-04T19:09:27.807Z] > git status -z -uall [38ms]
[2022-08-04T19:09:27.815Z] > git symbolic-ref --short HEAD [3ms]
[2022-08-04T19:09:27.821Z] > git for-each-ref --format=%(refname)%00%(upstream:short)%00%(objectname)%00%(upstream:track)%00%(upstream:remotename)%00%(upstream:remoteref) refs/heads/master refs/remotes/master [0ms]
[2022-08-04T19:09:27.834Z] > git remote --verbose [2ms]
[2022-08-04T19:09:27.834Z] > git for-each-ref --sort -committerdate --format %(refname) %(objectname) %(*objectname) [7ms]
[2022-08-04T19:09:27.843Z] > git config --get commit.template [2ms]
[2022-08-04T19:09:28.525Z] > git check-ignore -v -z --stdin [4ms]
[2022-08-04T19:09:32.890Z] > git status -z -uall [37ms]
[2022-08-04T19:09:32.898Z] > git symbolic-ref --short HEAD [3ms]
[2022-08-04T19:09:32.906Z] > git for-each-ref --format=%(refname)%00%(upstream:short)%00%(objectname)%00%(upstream:track)%00%(upstream:remotename)%00%(upstream:remoteref) refs/heads/master refs/remotes/master [3ms]
[2022-08-04T19:09:32.916Z] > git for-each-ref --sort -committerdate --format %(refname) %(objectname) %(*objectname) [6ms]
[2022-08-04T19:09:32.918Z] > git remote --verbose [3ms]
[2022-08-04T19:09:32.926Z] > git config --get commit.template [1ms]
[2022-08-04T19:09:37.971Z] > git status -z -uall [38ms]
[2022-08-04T19:09:37.980Z] > git symbolic-ref --short HEAD [0ms]
[2022-08-04T19:09:37.988Z] > git for-each-ref --format=%(refname)%00%(upstream:short)%00%(objectname)%00%(upstream:track)%00%(upstream:remotename)%00%(upstream:remoteref) refs/heads/master refs/remotes/master [1ms]
[2022-08-04T19:09:38.000Z] > git remote --verbose [1ms]
[2022-08-04T19:09:38.001Z] > git for-each-ref --sort -committerdate --format %(refname) %(objectname) %(*objectname) [8ms]
[2022-08-04T19:09:38.009Z] > git config --get commit.template [1ms]
[2022-08-04T19:09:43.064Z] > git status -z -uall [41ms]
[2022-08-04T19:09:43.073Z] > git symbolic-ref --short HEAD [1ms]
[2022-08-04T19:09:43.083Z] > git for-each-ref --format=%(refname)%00%(upstream:short)%00%(objectname)%00%(upstream:track)%00%(upstream:remotename)%00%(upstream:remoteref) refs/heads/master refs/remotes/master [2ms]
[2022-08-04T19:09:43.103Z] > git remote --verbose [2ms]
[2022-08-04T19:09:43.104Z] > git for-each-ref --sort -committerdate --format %(refname) %(objectname) %(*objectname) [12ms]
[2022-08-04T19:09:43.119Z] > git config --get commit.template [3ms]
[2022-08-04T19:09:48.175Z] > git status -z -uall [41ms]
[2022-08-04T19:09:48.186Z] > git symbolic-ref --short HEAD [0ms]
[2022-08-04T19:09:48.195Z] > git for-each-ref --format=%(refname)%00%(upstream:short)%00%(objectname)%00%(upstream:track)%00%(upstream:remotename)%00%(upstream:remoteref) refs/heads/master refs/remotes/master [1ms]
[2022-08-04T19:09:48.209Z] > git remote --verbose [1ms]
[2022-08-04T19:09:48.210Z] > git for-each-ref --sort -committerdate --format %(refname) %(objectname) %(*objectname) [9ms]
[2022-08-04T19:09:48.222Z] > git config --get commit.template [3ms]
[2022-08-04T19:09:53.272Z] > git status -z -uall [39ms]
[2022-08-04T19:09:53.280Z] > git symbolic-ref --short HEAD [2ms]
[2022-08-04T19:09:53.287Z] > git for-each-ref --format=%(refname)%00%(upstream:short)%00%(objectname)%00%(upstream:track)%00%(upstream:remotename)%00%(upstream:remoteref) refs/heads/master refs/remotes/master [2ms]
[2022-08-04T19:09:53.299Z] > git remote --verbose [1ms]
[2022-08-04T19:09:53.300Z] > git for-each-ref --sort -committerdate --format %(refname) %(objectname) %(*objectname) [7ms]
[2022-08-04T19:09:53.308Z] > git config --get commit.template [1ms]
[2022-08-04T19:09:58.361Z] > git status -z -uall [40ms]
[2022-08-04T19:09:58.373Z] > git symbolic-ref --short HEAD [0ms]
[2022-08-04T19:09:58.382Z] > git for-each-ref --format=%(refname)%00%(upstream:short)%00%(objectname)%00%(upstream:track)%00%(upstream:remotename)%00%(upstream:remoteref) refs/heads/master refs/remotes/master [1ms]
[2022-08-04T19:09:58.397Z] > git remote --verbose [1ms]
[2022-08-04T19:09:58.398Z] > git for-each-ref --sort -committerdate --format %(refname) %(objectname) %(*objectname) [9ms]
[2022-08-04T19:09:58.408Z] > git config --get commit.template [1ms]
[2022-08-04T19:10:03.458Z] > git status -z -uall [41ms]
[2022-08-04T19:10:03.466Z] > git symbolic-ref --short HEAD [2ms]
[2022-08-04T19:10:03.474Z] > git for-each-ref --format=%(refname)%00%(upstream:short)%00%(objectname)%00%(upstream:track)%00%(upstream:remotename)%00%(upstream:remoteref) refs/heads/master refs/remotes/master [3ms]
[2022-08-04T19:10:03.485Z] > git for-each-ref --sort -committerdate --format %(refname) %(objectname) %(*objectname) [5ms]
[2022-08-04T19:10:03.486Z] > git remote --verbose [3ms]
[2022-08-04T19:10:03.494Z] > git config --get commit.template [2ms]
[2022-08-04T19:10:08.546Z] > git status -z -uall [41ms]
[2022-08-04T19:10:08.554Z] > git symbolic-ref --short HEAD [3ms]
[2022-08-04T19:10:08.561Z] > git for-each-ref --format=%(refname)%00%(upstream:short)%00%(objectname)%00%(upstream:track)%00%(upstream:remotename)%00%(upstream:remoteref) refs/heads/master refs/remotes/master [0ms]
[2022-08-04T19:10:08.575Z] > git remote --verbose [1ms]
[2022-08-04T19:10:08.576Z] > git for-each-ref --sort -committerdate --format %(refname) %(objectname) %(*objectname) [8ms]
[2022-08-04T19:10:08.585Z] > git config --get commit.template [1ms]
[2022-08-04T19:10:13.632Z] > git status -z -uall [39ms]
[2022-08-04T19:10:13.640Z] > git symbolic-ref --short HEAD [0ms]
[2022-08-04T19:10:13.647Z] > git for-each-ref --format=%(refname)%00%(upstream:short)%00%(objectname)%00%(upstream:track)%00%(upstream:remotename)%00%(upstream:remoteref) refs/heads/master refs/remotes/master [2ms]
[2022-08-04T19:10:13.667Z] > git for-each-ref --sort -committerdate --format %(refname) %(objectname) %(*objectname) [6ms]
[2022-08-04T19:10:13.668Z] > git remote --verbose [2ms]
[2022-08-04T19:10:13.675Z] > git config --get commit.template [0ms]
[2022-08-04T19:10:18.722Z] > git status -z -uall [37ms]
[2022-08-04T19:10:18.730Z] > git symbolic-ref --short HEAD [1ms]
[2022-08-04T19:10:18.737Z] > git for-each-ref --format=%(refname)%00%(upstream:short)%00%(objectname)%00%(upstream:track)%00%(upstream:remotename)%00%(upstream:remoteref) refs/heads/master refs/remotes/master [1ms]
[2022-08-04T19:10:18.752Z] > git remote --verbose [3ms]
[2022-08-04T19:10:18.753Z] > git for-each-ref --sort -committerdate --format %(refname) %(objectname) %(*objectname) [10ms]
[2022-08-04T19:10:18.762Z] > git config --get commit.template [1ms]
[2022-08-04T19:10:23.808Z] > git status -z -uall [36ms]
[2022-08-04T19:10:23.816Z] > git symbolic-ref --short HEAD [1ms]
[2022-08-04T19:10:23.823Z] > git for-each-ref --format=%(refname)%00%(upstream:short)%00%(objectname)%00%(upstream:track)%00%(upstream:remotename)%00%(upstream:remoteref) refs/heads/master refs/remotes/master [2ms]
[2022-08-04T19:10:23.837Z] > git remote --verbose [1ms]
[2022-08-04T19:10:23.838Z] > git for-each-ref --sort -committerdate --format %(refname) %(objectname) %(*objectname) [8ms]
[2022-08-04T19:10:23.846Z] > git config --get commit.template [1ms]
[2022-08-04T19:10:28.891Z] > git status -z -uall [38ms]
[2022-08-04T19:10:28.902Z] > git symbolic-ref --short HEAD [3ms]
[2022-08-04T19:10:28.909Z] > git for-each-ref --format=%(refname)%00%(upstream:short)%00%(objectname)%00%(upstream:track)%00%(upstream:remotename)%00%(upstream:remoteref) refs/heads/master refs/remotes/master [1ms]
[2022-08-04T19:10:28.923Z] > git remote --verbose [2ms]
[2022-08-04T19:10:28.924Z] > git for-each-ref --sort -committerdate --format %(refname) %(objectname) %(*objectname) [8ms]
[2022-08-04T19:10:28.932Z] > git config --get commit.template [1ms]
[2022-08-04T19:10:33.986Z] > git status -z -uall [41ms]
[2022-08-04T19:10:33.995Z] > git symbolic-ref --short HEAD [1ms]
[2022-08-04T19:10:34.004Z] > git for-each-ref --format=%(refname)%00%(upstream:short)%00%(objectname)%00%(upstream:track)%00%(upstream:remotename)%00%(upstream:remoteref) refs/heads/master refs/remotes/master [1ms]
[2022-08-04T19:10:34.020Z] > git remote --verbose [2ms]
[2022-08-04T19:10:34.020Z] > git for-each-ref --sort -committerdate --format %(refname) %(objectname) %(*objectname) [8ms]
[2022-08-04T19:10:34.030Z] > git config --get commit.template [1ms]
[2022-08-04T19:10:39.086Z] > git status -z -uall [42ms]
[2022-08-04T19:10:39.095Z] > git symbolic-ref --short HEAD [2ms]
[2022-08-04T19:10:39.104Z] > git for-each-ref --format=%(refname)%00%(upstream:short)%00%(objectname)%00%(upstream:track)%00%(upstream:remotename)%00%(upstream:remoteref) refs/heads/master refs/remotes/master [1ms]
[2022-08-04T19:10:39.121Z] > git remote --verbose [2ms]
[2022-08-04T19:10:39.121Z] > git for-each-ref --sort -committerdate --format %(refname) %(objectname) %(*objectname) [9ms]
[2022-08-04T19:10:39.133Z] > git config --get commit.template [3ms]
[2022-08-04T19:10:44.187Z] > git status -z -uall [42ms]
[2022-08-04T19:10:44.197Z] > git symbolic-ref --short HEAD [1ms]
[2022-08-04T19:10:44.205Z] > git for-each-ref --format=%(refname)%00%(upstream:short)%00%(objectname)%00%(upstream:track)%00%(upstream:remotename)%00%(upstream:remoteref) refs/heads/master refs/remotes/master [1ms]
[2022-08-04T19:10:44.222Z] > git remote --verbose [1ms]
[2022-08-04T19:10:44.223Z] > git for-each-ref --sort -committerdate --format %(refname) %(objectname) %(*objectname) [10ms]
[2022-08-04T19:10:44.233Z] > git config --get commit.template [1ms]
[2022-08-04T19:10:49.281Z] > git status -z -uall [40ms]
[2022-08-04T19:10:49.289Z] > git symbolic-ref --short HEAD [2ms]
[2022-08-04T19:10:49.296Z] > git for-each-ref --format=%(refname)%00%(upstream:short)%00%(objectname)%00%(upstream:track)%00%(upstream:remotename)%00%(upstream:remoteref) refs/heads/master refs/remotes/master [0ms]
[2022-08-04T19:10:49.310Z] > git remote --verbose [2ms]
[2022-08-04T19:10:49.310Z] > git for-each-ref --sort -committerdate --format %(refname) %(objectname) %(*objectname) [7ms]
[2022-08-04T19:10:49.324Z] > git config --get commit.template [4ms]
[2022-08-04T19:10:54.371Z] > git status -z -uall [38ms]
[2022-08-04T19:10:54.380Z] > git symbolic-ref --short HEAD [1ms]
[2022-08-04T19:10:54.387Z] > git for-each-ref --format=%(refname)%00%(upstream:short)%00%(objectname)%00%(upstream:track)%00%(upstream:remotename)%00%(upstream:remoteref) refs/heads/master refs/remotes/master [1ms]
[2022-08-04T19:10:54.400Z] > git remote --verbose [1ms]
[2022-08-04T19:10:54.400Z] > git for-each-ref --sort -committerdate --format %(refname) %(objectname) %(*objectname) [7ms]
[2022-08-04T19:10:54.409Z] > git config --get commit.template [1ms]
[2022-08-04T19:10:59.456Z] > git status -z -uall [39ms]
[2022-08-04T19:10:59.463Z] > git symbolic-ref --short HEAD [2ms]
[2022-08-04T19:10:59.470Z] > git for-each-ref --format=%(refname)%00%(upstream:short)%00%(objectname)%00%(upstream:track)%00%(upstream:remotename)%00%(upstream:remoteref) refs/heads/master refs/remotes/master [1ms]
[2022-08-04T19:10:59.485Z] > git remote --verbose [1ms]
[2022-08-04T19:10:59.486Z] > git for-each-ref --sort -committerdate --format %(refname) %(objectname) %(*objectname) [9ms]
[2022-08-04T19:10:59.494Z] > git config --get commit.template [1ms]
[2022-08-04T19:11:04.541Z] > git status -z -uall [40ms]
[2022-08-04T19:11:04.548Z] > git symbolic-ref --short HEAD [2ms]
[2022-08-04T19:11:04.556Z] > git for-each-ref --format=%(refname)%00%(upstream:short)%00%(objectname)%00%(upstream:track)%00%(upstream:remotename)%00%(upstream:remoteref) refs/heads/master refs/remotes/master [1ms]
[2022-08-04T19:11:04.570Z] > git remote --verbose [1ms]
[2022-08-04T19:11:04.570Z] > git for-each-ref --sort -committerdate --format %(refname) %(objectname) %(*objectname) [7ms]
[2022-08-04T19:11:04.587Z] > git config --get commit.template [2ms]
[2022-08-04T19:11:09.635Z] > git status -z -uall [38ms]
[2022-08-04T19:11:09.644Z] > git symbolic-ref --short HEAD [3ms]
[2022-08-04T19:11:09.653Z] > git for-each-ref --format=%(refname)%00%(upstream:short)%00%(objectname)%00%(upstream:track)%00%(upstream:remotename)%00%(upstream:remoteref) refs/heads/master refs/remotes/master [1ms]
[2022-08-04T19:11:09.668Z] > git remote --verbose [1ms]
[2022-08-04T19:11:09.669Z] > git for-each-ref --sort -committerdate --format %(refname) %(objectname) %(*objectname) [9ms]
[2022-08-04T19:11:09.677Z] > git config --get commit.template [2ms]
[2022-08-04T19:11:19.315Z] > git status -z -uall [38ms]
[2022-08-04T19:11:19.324Z] > git symbolic-ref --short HEAD [2ms]
[2022-08-04T19:11:19.333Z] > git for-each-ref --format=%(refname)%00%(upstream:short)%00%(objectname)%00%(upstream:track)%00%(upstream:remotename)%00%(upstream:remoteref) refs/heads/master refs/remotes/master [1ms]
[2022-08-04T19:11:19.350Z] > git remote --verbose [4ms]
[2022-08-04T19:11:19.350Z] > git for-each-ref --sort -committerdate --format %(refname) %(objectname) %(*objectname) [10ms]
[2022-08-04T19:11:19.360Z] > git config --get commit.template [1ms]
[2022-08-04T19:11:24.408Z] > git status -z -uall [39ms]
[2022-08-04T19:11:24.415Z] > git symbolic-ref --short HEAD [2ms]
[2022-08-04T19:11:24.423Z] > git for-each-ref --format=%(refname)%00%(upstream:short)%00%(objectname)%00%(upstream:track)%00%(upstream:remotename)%00%(upstream:remoteref) refs/heads/master refs/remotes/master [2ms]
[2022-08-04T19:11:24.436Z] > git remote --verbose [1ms]
[2022-08-04T19:11:24.437Z] > git for-each-ref --sort -committerdate --format %(refname) %(objectname) %(*objectname) [8ms]
[2022-08-04T19:11:24.446Z] > git config --get commit.template [1ms]
[2022-08-04T19:11:29.500Z] > git status -z -uall [41ms]
[2022-08-04T19:11:29.510Z] > git symbolic-ref --short HEAD [2ms]
[2022-08-04T19:11:29.519Z] > git for-each-ref --format=%(refname)%00%(upstream:short)%00%(objectname)%00%(upstream:track)%00%(upstream:remotename)%00%(upstream:remoteref) refs/heads/master refs/remotes/master [2ms]
[2022-08-04T19:11:29.535Z] > git for-each-ref --sort -committerdate --format %(refname) %(objectname) %(*objectname) [7ms]
[2022-08-04T19:11:29.535Z] > git remote --verbose [2ms]
[2022-08-04T19:11:29.545Z] > git config --get commit.template [1ms]
[2022-08-04T19:11:34.594Z] > git status -z -uall [41ms]
[2022-08-04T19:11:34.602Z] > git symbolic-ref --short HEAD [1ms]
[2022-08-04T19:11:34.609Z] > git for-each-ref --format=%(refname)%00%(upstream:short)%00%(objectname)%00%(upstream:track)%00%(upstream:remotename)%00%(upstream:remoteref) refs/heads/master refs/remotes/master [1ms]
[2022-08-04T19:11:34.624Z] > git remote --verbose [1ms]
[2022-08-04T19:11:34.625Z] > git for-each-ref --sort -committerdate --format %(refname) %(objectname) %(*objectname) [9ms]
[2022-08-04T19:11:34.633Z] > git config --get commit.template [1ms]
[2022-08-04T19:11:39.679Z] > git status -z -uall [38ms]
[2022-08-04T19:11:39.686Z] > git symbolic-ref --short HEAD [1ms]
[2022-08-04T19:11:39.694Z] > git for-each-ref --format=%(refname)%00%(upstream:short)%00%(objectname)%00%(upstream:track)%00%(upstream:remotename)%00%(upstream:remoteref) refs/heads/master refs/remotes/master [1ms]
[2022-08-04T19:11:39.707Z] > git remote --verbose [1ms]
[2022-08-04T19:11:39.708Z] > git for-each-ref --sort -committerdate --format %(refname) %(objectname) %(*objectname) [8ms]
[2022-08-04T19:11:39.716Z] > git config --get commit.template [1ms]
[2022-08-04T19:11:44.762Z] > git status -z -uall [36ms]
[2022-08-04T19:11:44.770Z] > git symbolic-ref --short HEAD [1ms]
[2022-08-04T19:11:44.777Z] > git for-each-ref --format=%(refname)%00%(upstream:short)%00%(objectname)%00%(upstream:track)%00%(upstream:remotename)%00%(upstream:remoteref) refs/heads/master refs/remotes/master [1ms]
[2022-08-04T19:11:44.791Z] > git remote --verbose [1ms]
[2022-08-04T19:11:44.791Z] > git for-each-ref --sort -committerdate --format %(refname) %(objectname) %(*objectname) [7ms]
[2022-08-04T19:11:44.799Z] > git config --get commit.template [1ms]
[2022-08-04T19:11:49.844Z] > git status -z -uall [35ms]
[2022-08-04T19:11:49.852Z] > git symbolic-ref --short HEAD [2ms]
[2022-08-04T19:11:49.859Z] > git for-each-ref --format=%(refname)%00%(upstream:short)%00%(objectname)%00%(upstream:track)%00%(upstream:remotename)%00%(upstream:remoteref) refs/heads/master refs/remotes/master [2ms]
[2022-08-04T19:11:49.871Z] > git remote --verbose [1ms]
[2022-08-04T19:11:49.872Z] > git for-each-ref --sort -committerdate --format %(refname) %(objectname) %(*objectname) [7ms]
[2022-08-04T19:11:49.879Z] > git config --get commit.template [0ms]
[2022-08-04T19:11:57.074Z] > git status -z -uall [53ms]
[2022-08-04T19:11:57.085Z] > git symbolic-ref --short HEAD [3ms]
[2022-08-04T19:11:57.096Z] > git for-each-ref --format=%(refname)%00%(upstream:short)%00%(objectname)%00%(upstream:track)%00%(upstream:remotename)%00%(upstream:remoteref) refs/heads/master refs/remotes/master [4ms]
[2022-08-04T19:11:57.124Z] > git for-each-ref --sort -committerdate --format %(refname) %(objectname) %(*objectname) [21ms]
[2022-08-04T19:11:57.128Z] > git remote --verbose [5ms]
[2022-08-04T19:11:57.137Z] > git add -A -- . [125ms]
[2022-08-04T19:11:57.146Z] > git config --get commit.template [10ms]
[2022-08-04T19:11:57.183Z] > git -c user.useConfigOnly=true commit --quiet --allow-empty-message --file - [38ms]
[2022-08-04T19:11:57.245Z] > git status -z -uall [56ms]
[2022-08-04T19:11:57.253Z] > git symbolic-ref --short HEAD [1ms]
[2022-08-04T19:11:57.261Z] > git for-each-ref --format=%(refname)%00%(upstream:short)%00%(objectname)%00%(upstream:track)%00%(upstream:remotename)%00%(upstream:remoteref) refs/heads/master refs/remotes/master [1ms]
[2022-08-04T19:11:57.276Z] > git remote --verbose [2ms]
[2022-08-04T19:11:57.276Z] > git for-each-ref --sort -committerdate --format %(refname) %(objectname) %(*objectname) [9ms]
[2022-08-04T19:11:57.285Z] > git config --get commit.template [1ms]
[2022-08-04T19:11:57.294Z] > git config --get commit.template [1ms]
[2022-08-04T19:12:02.201Z] > git status -z -uall [44ms]
[2022-08-04T19:12:02.209Z] > git symbolic-ref --short HEAD [2ms]
[2022-08-04T19:12:02.216Z] > git for-each-ref --format=%(refname)%00%(upstream:short)%00%(objectname)%00%(upstream:track)%00%(upstream:remotename)%00%(upstream:remoteref) refs/heads/master refs/remotes/master [1ms]
[2022-08-04T19:12:02.228Z] > git remote --verbose [1ms]
[2022-08-04T19:12:02.228Z] > git for-each-ref --sort -committerdate --format %(refname) %(objectname) %(*objectname) [7ms]
[2022-08-04T19:12:02.235Z] > git config --get commit.template [1ms]
