[2022-08-03T10:38:01.542Z] Log level: Info
[2022-08-03T10:38:01.657Z] [info] Validating found git in: git
[2022-08-03T10:38:01.865Z] [info] Using git 2.17.1 from git
[2022-08-03T10:38:02.040Z] > git rev-parse --show-toplevel [124ms]
[2022-08-03T10:38:02.040Z] fatal: not a git repository (or any of the parent directories): .git
[2022-08-03T10:38:02.098Z] > git rev-parse --show-toplevel [17ms]
[2022-08-03T10:38:02.098Z] fatal: not a git repository (or any of the parent directories): .git
[2022-08-03T10:38:02.147Z] > git rev-parse --show-toplevel [28ms]
[2022-08-03T10:38:02.147Z] fatal: not a git repository (or any of the parent directories): .git
[2022-08-03T10:38:02.510Z] > git rev-parse --show-toplevel [8ms]
[2022-08-03T10:38:02.510Z] fatal: not a git repository (or any of the parent directories): .git
[2022-08-03T10:39:53.843Z] > git rev-parse --show-toplevel [2ms]
[2022-08-03T10:39:53.843Z] fatal: not a git repository (or any of the parent directories): .git
[2022-08-03T10:40:10.959Z] > git rev-parse --show-toplevel [5ms]
[2022-08-03T10:40:10.959Z] fatal: not a git repository (or any of the parent directories): .git
[2022-08-03T10:41:28.365Z] > git rev-parse --show-toplevel [1ms]
[2022-08-03T10:41:28.365Z] fatal: not a git repository (or any of the parent directories): .git
[2022-08-03T10:42:43.223Z] > git rev-parse --show-toplevel [2ms]
[2022-08-03T10:42:43.223Z] fatal: not a git repository (or any of the parent directories): .git
[2022-08-03T10:42:51.521Z] > git rev-parse --show-toplevel [1ms]
[2022-08-03T10:42:51.521Z] fatal: not a git repository (or any of the parent directories): .git
[2022-08-03T10:43:22.778Z] > git rev-parse --show-toplevel [5ms]
[2022-08-03T10:43:22.778Z] fatal: not a git repository (or any of the parent directories): .git
[2022-08-03T10:45:29.278Z] > git rev-parse --show-toplevel [2ms]
[2022-08-03T10:45:29.278Z] fatal: not a git repository (or any of the parent directories): .git
[2022-08-03T10:45:31.625Z] > git rev-parse --show-toplevel [1ms]
[2022-08-03T10:45:31.625Z] fatal: not a git repository (or any of the parent directories): .git
[2022-08-03T10:45:50.468Z] > git rev-parse --show-toplevel [1ms]
[2022-08-03T10:45:50.468Z] fatal: not a git repository (or any of the parent directories): .git
[2022-08-03T10:46:17.046Z] > git rev-parse --show-toplevel [3ms]
[2022-08-03T10:46:17.046Z] fatal: not a git repository (or any of the parent directories): .git
[2022-08-03T10:46:52.218Z] > git rev-parse --show-toplevel [1ms]
[2022-08-03T10:46:52.218Z] fatal: not a git repository (or any of the parent directories): .git
[2022-08-03T10:46:54.032Z] > git rev-parse --show-toplevel [1ms]
[2022-08-03T10:46:54.032Z] fatal: not a git repository (or any of the parent directories): .git
[2022-08-03T10:46:55.448Z] > git rev-parse --show-toplevel [1ms]
[2022-08-03T10:46:55.448Z] fatal: not a git repository (or any of the parent directories): .git
