[2022-07-29T14:22:55.974Z] Log level: Info
[2022-07-29T14:22:55.986Z] [info] Validating found git in: git
[2022-07-29T14:22:56.049Z] [info] Using git 2.17.1 from git
[2022-07-29T14:22:56.086Z] > git rev-parse --show-toplevel [17ms]
[2022-07-29T14:22:56.086Z] fatal: not a git repository (or any of the parent directories): .git
[2022-07-29T14:22:56.102Z] > git rev-parse --show-toplevel [1ms]
[2022-07-29T14:22:56.102Z] fatal: not a git repository (or any of the parent directories): .git
[2022-07-29T14:22:56.114Z] > git rev-parse --show-toplevel [2ms]
[2022-07-29T14:22:56.114Z] fatal: not a git repository (or any of the parent directories): .git
[2022-07-29T14:22:56.123Z] > git rev-parse --show-toplevel [2ms]
[2022-07-29T14:22:56.123Z] fatal: not a git repository (or any of the parent directories): .git
[2022-07-29T14:22:56.131Z] > git rev-parse --show-toplevel [2ms]
[2022-07-29T14:22:56.131Z] fatal: not a git repository (or any of the parent directories): .git
[2022-07-29T14:22:56.141Z] > git rev-parse --show-toplevel [1ms]
[2022-07-29T14:22:56.141Z] fatal: not a git repository (or any of the parent directories): .git
[2022-07-29T14:22:56.149Z] > git rev-parse --show-toplevel [1ms]
[2022-07-29T14:22:56.149Z] fatal: not a git repository (or any of the parent directories): .git
[2022-07-29T14:23:46.485Z] > git rev-parse --show-toplevel [2ms]
[2022-07-29T14:23:46.485Z] fatal: not a git repository (or any of the parent directories): .git
[2022-07-29T19:58:22.950Z] > git rev-parse --show-toplevel [4ms]
[2022-07-29T19:58:22.950Z] fatal: not a git repository (or any of the parent directories): .git
